
*** Running vivado
    with args -log snn_iris_top.vds -m64 -product Vivado -mode batch -messageDb vivado.pb -notrace -source snn_iris_top.tcl


****** Vivado v2023.2 (64-bit)
  **** SW Build 4029153 on Fri Oct 13 20:13:54 MDT 2023
  **** IP Build 4028589 on Sat Oct 14 00:45:43 MDT 2023
  **** SharedData Build 4025554 on Tue Oct 10 17:18:54 MDT 2023
    ** Copyright 1986-2022 Xilinx, Inc. All Rights Reserved.
    ** Copyright 2022-2023 Advanced Micro Devices, Inc. All Rights Reserved.

source snn_iris_top.tcl -notrace
create_project: Time (s): cpu = 00:00:18 ; elapsed = 00:00:18 . Memory (MB): peak = 1340.215 ; gain = 63.836 ; free physical = 2030 ; free virtual = 11194
Command: read_checkpoint -auto_incremental -incremental /media/nisitha/My_Passport/MOODLE/Vivado_projects/SNN_project/snn_iris_project/snn_iris_project/snn_iris_project.srcs/utils_1/imports/synth_1/snn_iris_top.dcp
INFO: [Vivado 12-5825] Read reference checkpoint from /media/nisitha/My_Passport/MOODLE/Vivado_projects/SNN_project/snn_iris_project/snn_iris_project/snn_iris_project.srcs/utils_1/imports/synth_1/snn_iris_top.dcp for incremental synthesis
INFO: [Vivado 12-7989] Please ensure there are no constraint changes
Command: synth_design -top snn_iris_top -part xc7z010clg400-1
Starting synth_design
Attempting to get a license for feature 'Synthesis' and/or device 'xc7z010'
INFO: [Common 17-349] Got license for feature 'Synthesis' and/or device 'xc7z010'
INFO: [Designutils 20-5440] No compile time benefit to using incremental synthesis; A full resynthesis will be run
INFO: [Designutils 20-4379] Flow is switching to default flow due to incremental criteria not met. If you would like to alter this behaviour and have the flow terminate instead, please set the following parameter config_implementation {autoIncr.Synth.RejectBehavior Terminate}
INFO: [Synth 8-7079] Multithreading enabled for synth_design using a maximum of 4 processes.
INFO: [Synth 8-7078] Launching helper process for spawning children vivado processes
INFO: [Synth 8-7075] Helper process launched with PID 32989
---------------------------------------------------------------------------------
Starting Synthesize : Time (s): cpu = 00:00:11 ; elapsed = 00:00:13 . Memory (MB): peak = 1823.500 ; gain = 410.566 ; free physical = 1319 ; free virtual = 10470
---------------------------------------------------------------------------------
INFO: [Synth 8-11241] undeclared symbol 'spike_out_0', assumed default net type 'wire' [/media/nisitha/My_Passport/MOODLE/Vivado_projects/SNN_project/snn_iris_project/snn_iris_project/snn_iris_project.srcs/sources_1/new/layer1.v:24]
INFO: [Synth 8-11241] undeclared symbol 'spike_out_1', assumed default net type 'wire' [/media/nisitha/My_Passport/MOODLE/Vivado_projects/SNN_project/snn_iris_project/snn_iris_project/snn_iris_project.srcs/sources_1/new/layer1.v:37]
INFO: [Synth 8-11241] undeclared symbol 'spike_out_2', assumed default net type 'wire' [/media/nisitha/My_Passport/MOODLE/Vivado_projects/SNN_project/snn_iris_project/snn_iris_project/snn_iris_project.srcs/sources_1/new/layer1.v:50]
INFO: [Synth 8-11241] undeclared symbol 'spike_out_3', assumed default net type 'wire' [/media/nisitha/My_Passport/MOODLE/Vivado_projects/SNN_project/snn_iris_project/snn_iris_project/snn_iris_project.srcs/sources_1/new/layer1.v:63]
INFO: [Synth 8-11241] undeclared symbol 'spike_out_4', assumed default net type 'wire' [/media/nisitha/My_Passport/MOODLE/Vivado_projects/SNN_project/snn_iris_project/snn_iris_project/snn_iris_project.srcs/sources_1/new/layer1.v:76]
INFO: [Synth 8-11241] undeclared symbol 'spike_out_5', assumed default net type 'wire' [/media/nisitha/My_Passport/MOODLE/Vivado_projects/SNN_project/snn_iris_project/snn_iris_project/snn_iris_project.srcs/sources_1/new/layer1.v:89]
INFO: [Synth 8-11241] undeclared symbol 'spike_out_6', assumed default net type 'wire' [/media/nisitha/My_Passport/MOODLE/Vivado_projects/SNN_project/snn_iris_project/snn_iris_project/snn_iris_project.srcs/sources_1/new/layer1.v:102]
INFO: [Synth 8-11241] undeclared symbol 'spike_out_7', assumed default net type 'wire' [/media/nisitha/My_Passport/MOODLE/Vivado_projects/SNN_project/snn_iris_project/snn_iris_project/snn_iris_project.srcs/sources_1/new/layer1.v:115]
INFO: [Synth 8-11241] undeclared symbol 'spike_out_0', assumed default net type 'wire' [/media/nisitha/My_Passport/MOODLE/Vivado_projects/SNN_project/snn_iris_project/snn_iris_project/snn_iris_project.srcs/sources_1/new/layer2.v:24]
INFO: [Synth 8-11241] undeclared symbol 'spike_out_1', assumed default net type 'wire' [/media/nisitha/My_Passport/MOODLE/Vivado_projects/SNN_project/snn_iris_project/snn_iris_project/snn_iris_project.srcs/sources_1/new/layer2.v:37]
INFO: [Synth 8-11241] undeclared symbol 'spike_out_2', assumed default net type 'wire' [/media/nisitha/My_Passport/MOODLE/Vivado_projects/SNN_project/snn_iris_project/snn_iris_project/snn_iris_project.srcs/sources_1/new/layer2.v:50]
INFO: [Synth 8-11241] undeclared symbol 'spike_out_3', assumed default net type 'wire' [/media/nisitha/My_Passport/MOODLE/Vivado_projects/SNN_project/snn_iris_project/snn_iris_project/snn_iris_project.srcs/sources_1/new/layer2.v:63]
INFO: [Synth 8-11241] undeclared symbol 'spike_out_4', assumed default net type 'wire' [/media/nisitha/My_Passport/MOODLE/Vivado_projects/SNN_project/snn_iris_project/snn_iris_project/snn_iris_project.srcs/sources_1/new/layer2.v:76]
INFO: [Synth 8-11241] undeclared symbol 'spike_out_5', assumed default net type 'wire' [/media/nisitha/My_Passport/MOODLE/Vivado_projects/SNN_project/snn_iris_project/snn_iris_project/snn_iris_project.srcs/sources_1/new/layer2.v:89]
INFO: [Synth 8-11241] undeclared symbol 'spike_out_0', assumed default net type 'wire' [/media/nisitha/My_Passport/MOODLE/Vivado_projects/SNN_project/snn_iris_project/snn_iris_project/snn_iris_project.srcs/sources_1/new/layer3.v:24]
INFO: [Synth 8-11241] undeclared symbol 'spike_out_1', assumed default net type 'wire' [/media/nisitha/My_Passport/MOODLE/Vivado_projects/SNN_project/snn_iris_project/snn_iris_project/snn_iris_project.srcs/sources_1/new/layer3.v:37]
INFO: [Synth 8-11241] undeclared symbol 'spike_out_2', assumed default net type 'wire' [/media/nisitha/My_Passport/MOODLE/Vivado_projects/SNN_project/snn_iris_project/snn_iris_project/snn_iris_project.srcs/sources_1/new/layer3.v:50]
INFO: [Synth 8-11241] undeclared symbol 'spike_out_3', assumed default net type 'wire' [/media/nisitha/My_Passport/MOODLE/Vivado_projects/SNN_project/snn_iris_project/snn_iris_project/snn_iris_project.srcs/sources_1/new/layer3.v:63]
INFO: [Synth 8-11241] undeclared symbol 'spike_out_0', assumed default net type 'wire' [/media/nisitha/My_Passport/MOODLE/Vivado_projects/SNN_project/snn_iris_project/snn_iris_project/snn_iris_project.srcs/sources_1/new/layer4.v:24]
INFO: [Synth 8-11241] undeclared symbol 'spike_out_1', assumed default net type 'wire' [/media/nisitha/My_Passport/MOODLE/Vivado_projects/SNN_project/snn_iris_project/snn_iris_project/snn_iris_project.srcs/sources_1/new/layer4.v:37]
INFO: [Synth 8-11241] undeclared symbol 'spike_out_2', assumed default net type 'wire' [/media/nisitha/My_Passport/MOODLE/Vivado_projects/SNN_project/snn_iris_project/snn_iris_project/snn_iris_project.srcs/sources_1/new/layer4.v:50]
INFO: [Synth 8-6157] synthesizing module 'snn_iris_top' [/media/nisitha/My_Passport/MOODLE/Vivado_projects/SNN_project/snn_iris_project/snn_iris_project/snn_iris_project.srcs/sources_1/new/snn_iris_top.sv:1]
INFO: [Synth 8-6157] synthesizing module 'control_iris' [/media/nisitha/My_Passport/MOODLE/Vivado_projects/SNN_project/snn_iris_project/snn_iris_project/snn_iris_project.srcs/sources_1/new/control_iris.sv:1]
	Parameter TIME_STEPS bound to: 64 - type: integer 
	Parameter PIPELINE_DEPTH bound to: 4 - type: integer 
INFO: [Synth 8-6155] done synthesizing module 'control_iris' (0#1) [/media/nisitha/My_Passport/MOODLE/Vivado_projects/SNN_project/snn_iris_project/snn_iris_project/snn_iris_project.srcs/sources_1/new/control_iris.sv:1]
INFO: [Synth 8-6157] synthesizing module 'gen_input_single' [/media/nisitha/My_Passport/MOODLE/Vivado_projects/SNN_project/snn_iris_project/snn_iris_project/snn_iris_project.srcs/sources_1/new/gen_input_single.sv:1]
INFO: [Synth 8-6155] done synthesizing module 'gen_input_single' (0#1) [/media/nisitha/My_Passport/MOODLE/Vivado_projects/SNN_project/snn_iris_project/snn_iris_project/snn_iris_project.srcs/sources_1/new/gen_input_single.sv:1]
INFO: [Synth 8-6157] synthesizing module 'layer1_4to8' [/media/nisitha/My_Passport/MOODLE/Vivado_projects/SNN_project/snn_iris_project/snn_iris_project/snn_iris_project.srcs/sources_1/new/layer1.v:5]
INFO: [Synth 8-6157] synthesizing module 'neuron_1' [/media/nisitha/My_Passport/MOODLE/Vivado_projects/SNN_project/snn_iris_project/snn_iris_project/snn_iris_project.srcs/sources_1/new/neuron_1.sv:1]
	Parameter NUM_INPUTS bound to: 4 - type: integer 
	Parameter WEIGHTS bound to: 256'b1111111111111111111111111101001000000000000000000000000000111010000000000000000000000000010100101111111111111111111111111000001000000000000000000000000000000000000000000000000000000000000000000000000000000000000000000000000000000000000000000000000000000000 
	Parameter BIAS bound to: 32'sb00000000000000000000000010000110 
	Parameter V_TH bound to: 32'sb00000000000000000000000100000000 
INFO: [Synth 8-6155] done synthesizing module 'neuron_1' (0#1) [/media/nisitha/My_Passport/MOODLE/Vivado_projects/SNN_project/snn_iris_project/snn_iris_project/snn_iris_project.srcs/sources_1/new/neuron_1.sv:1]
INFO: [Synth 8-6157] synthesizing module 'neuron_1__parameterized0' [/media/nisitha/My_Passport/MOODLE/Vivado_projects/SNN_project/snn_iris_project/snn_iris_project/snn_iris_project.srcs/sources_1/new/neuron_1.sv:1]
	Parameter NUM_INPUTS bound to: 4 - type: integer 
	Parameter WEIGHTS bound to: 256'b1111111111111111111111111100000100000000000000000000000000111010111111111111111111111111101111011111111111111111111111110110111100000000000000000000000000000000000000000000000000000000000000000000000000000000000000000000000000000000000000000000000000000000 
	Parameter BIAS bound to: 32'sb11111111111111111111111111100110 
	Parameter V_TH bound to: 32'sb00000000000000000000000100000000 
INFO: [Synth 8-6155] done synthesizing module 'neuron_1__parameterized0' (0#1) [/media/nisitha/My_Passport/MOODLE/Vivado_projects/SNN_project/snn_iris_project/snn_iris_project/snn_iris_project.srcs/sources_1/new/neuron_1.sv:1]
INFO: [Synth 8-6157] synthesizing module 'neuron_1__parameterized1' [/media/nisitha/My_Passport/MOODLE/Vivado_projects/SNN_project/snn_iris_project/snn_iris_project/snn_iris_project.srcs/sources_1/new/neuron_1.sv:1]
	Parameter NUM_INPUTS bound to: 4 - type: integer 
	Parameter WEIGHTS bound to: 256'b1111111111111111111111111010011011111111111111111111111111100110111111111111111111111111100011011111111111111111111111111100100100000000000000000000000000000000000000000000000000000000000000000000000000000000000000000000000000000000000000000000000000000000 
	Parameter BIAS bound to: 32'sb11111111111111111111111111111100 
	Parameter V_TH bound to: 32'sb00000000000000000000000100000000 
INFO: [Synth 8-6155] done synthesizing module 'neuron_1__parameterized1' (0#1) [/media/nisitha/My_Passport/MOODLE/Vivado_projects/SNN_project/snn_iris_project/snn_iris_project/snn_iris_project.srcs/sources_1/new/neuron_1.sv:1]
INFO: [Synth 8-6157] synthesizing module 'neuron_1__parameterized2' [/media/nisitha/My_Passport/MOODLE/Vivado_projects/SNN_project/snn_iris_project/snn_iris_project/snn_iris_project.srcs/sources_1/new/neuron_1.sv:1]
	Parameter NUM_INPUTS bound to: 4 - type: integer 
	Parameter WEIGHTS bound to: 256'b1111111111111111111111111101111011111111111111111111111110100110000000000000000000000000011011000000000000000000000000000011101100000000000000000000000000000000000000000000000000000000000000000000000000000000000000000000000000000000000000000000000000000000 
	Parameter BIAS bound to: 32'sb00000000000000000000000000111110 
	Parameter V_TH bound to: 32'sb00000000000000000000000100000000 
INFO: [Synth 8-6155] done synthesizing module 'neuron_1__parameterized2' (0#1) [/media/nisitha/My_Passport/MOODLE/Vivado_projects/SNN_project/snn_iris_project/snn_iris_project/snn_iris_project.srcs/sources_1/new/neuron_1.sv:1]
INFO: [Synth 8-6157] synthesizing module 'neuron_1__parameterized3' [/media/nisitha/My_Passport/MOODLE/Vivado_projects/SNN_project/snn_iris_project/snn_iris_project/snn_iris_project.srcs/sources_1/new/neuron_1.sv:1]
	Parameter NUM_INPUTS bound to: 4 - type: integer 
	Parameter WEIGHTS bound to: 256'b0000000000000000000000000011100100000000000000000000000001001000111111111111111111111111011011011111111111111111111111111001111100000000000000000000000000000000000000000000000000000000000000000000000000000000000000000000000000000000000000000000000000000000 
	Parameter BIAS bound to: 32'sb11111111111111111111111111011000 
	Parameter V_TH bound to: 32'sb00000000000000000000000100000000 
INFO: [Synth 8-6155] done synthesizing module 'neuron_1__parameterized3' (0#1) [/media/nisitha/My_Passport/MOODLE/Vivado_projects/SNN_project/snn_iris_project/snn_iris_project/snn_iris_project.srcs/sources_1/new/neuron_1.sv:1]
INFO: [Synth 8-6157] synthesizing module 'neuron_1__parameterized4' [/media/nisitha/My_Passport/MOODLE/Vivado_projects/SNN_project/snn_iris_project/snn_iris_project/snn_iris_project.srcs/sources_1/new/neuron_1.sv:1]
	Parameter NUM_INPUTS bound to: 4 - type: integer 
	Parameter WEIGHTS bound to: 256'b1111111111111111111111111100010011111111111111111111111111001110000000000000000000000000011001010000000000000000000000001000010100000000000000000000000000000000000000000000000000000000000000000000000000000000000000000000000000000000000000000000000000000000 
	Parameter BIAS bound to: 32'sb11111111111111111111111111011000 
	Parameter V_TH bound to: 32'sb00000000000000000000000100000000 
INFO: [Synth 8-6155] done synthesizing module 'neuron_1__parameterized4' (0#1) [/media/nisitha/My_Passport/MOODLE/Vivado_projects/SNN_project/snn_iris_project/snn_iris_project/snn_iris_project.srcs/sources_1/new/neuron_1.sv:1]
INFO: [Synth 8-6157] synthesizing module 'neuron_1__parameterized5' [/media/nisitha/My_Passport/MOODLE/Vivado_projects/SNN_project/snn_iris_project/snn_iris_project/snn_iris_project.srcs/sources_1/new/neuron_1.sv:1]
	Parameter NUM_INPUTS bound to: 4 - type: integer 
	Parameter WEIGHTS bound to: 256'b1111111111111111111111111110001111111111111111111111111110111001111111111111111111111111101110010000000000000000000000000011001100000000000000000000000000000000000000000000000000000000000000000000000000000000000000000000000000000000000000000000000000000000 
	Parameter BIAS bound to: 32'sb11111111111111111111111101100011 
	Parameter V_TH bound to: 32'sb00000000000000000000000100000000 
INFO: [Synth 8-6155] done synthesizing module 'neuron_1__parameterized5' (0#1) [/media/nisitha/My_Passport/MOODLE/Vivado_projects/SNN_project/snn_iris_project/snn_iris_project/snn_iris_project.srcs/sources_1/new/neuron_1.sv:1]
INFO: [Synth 8-6157] synthesizing module 'neuron_1__parameterized6' [/media/nisitha/My_Passport/MOODLE/Vivado_projects/SNN_project/snn_iris_project/snn_iris_project/snn_iris_project.srcs/sources_1/new/neuron_1.sv:1]
	Parameter NUM_INPUTS bound to: 4 - type: integer 
	Parameter WEIGHTS bound to: 256'b0000000000000000000000000001001100000000000000000000000000110101000000000000000000000000011111010000000000000000000000000110011000000000000000000000000000000000000000000000000000000000000000000000000000000000000000000000000000000000000000000000000000000000 
	Parameter BIAS bound to: 32'sb11111111111111111111111111010101 
	Parameter V_TH bound to: 32'sb00000000000000000000000100000000 
INFO: [Synth 8-6155] done synthesizing module 'neuron_1__parameterized6' (0#1) [/media/nisitha/My_Passport/MOODLE/Vivado_projects/SNN_project/snn_iris_project/snn_iris_project/snn_iris_project.srcs/sources_1/new/neuron_1.sv:1]
INFO: [Synth 8-6155] done synthesizing module 'layer1_4to8' (0#1) [/media/nisitha/My_Passport/MOODLE/Vivado_projects/SNN_project/snn_iris_project/snn_iris_project/snn_iris_project.srcs/sources_1/new/layer1.v:5]
INFO: [Synth 8-6157] synthesizing module 'layer2_8to6' [/media/nisitha/My_Passport/MOODLE/Vivado_projects/SNN_project/snn_iris_project/snn_iris_project/snn_iris_project.srcs/sources_1/new/layer2.v:5]
INFO: [Synth 8-6157] synthesizing module 'neuron_1__parameterized7' [/media/nisitha/My_Passport/MOODLE/Vivado_projects/SNN_project/snn_iris_project/snn_iris_project/snn_iris_project.srcs/sources_1/new/neuron_1.sv:1]
	Parameter NUM_INPUTS bound to: 8 - type: integer 
	Parameter WEIGHTS bound to: 256'b0000000000000000000000000000101000000000000000000000000000011111111111111111111111111111101110110000000000000000000000000100010000000000000000000000000000010101000000000000000000000000010100111111111111111111111111111110010000000000000000000000000001110110 
	Parameter BIAS bound to: 32'sb11111111111111111111111111010100 
	Parameter V_TH bound to: 32'sb00000000000000000000000100000000 
INFO: [Synth 8-6155] done synthesizing module 'neuron_1__parameterized7' (0#1) [/media/nisitha/My_Passport/MOODLE/Vivado_projects/SNN_project/snn_iris_project/snn_iris_project/snn_iris_project.srcs/sources_1/new/neuron_1.sv:1]
INFO: [Synth 8-6157] synthesizing module 'neuron_1__parameterized8' [/media/nisitha/My_Passport/MOODLE/Vivado_projects/SNN_project/snn_iris_project/snn_iris_project/snn_iris_project.srcs/sources_1/new/neuron_1.sv:1]
	Parameter NUM_INPUTS bound to: 8 - type: integer 
	Parameter WEIGHTS bound to: 256'b0000000000000000000000000110010000000000000000000000000001100111000000000000000000000000011001011111111111111111111111111100111000000000000000000000000000001010111111111111111111111111100100011111111111111111111111111100101100000000000000000000000000010011 
	Parameter BIAS bound to: 32'sb11111111111111111111111111111001 
	Parameter V_TH bound to: 32'sb00000000000000000000000100000000 
INFO: [Synth 8-6155] done synthesizing module 'neuron_1__parameterized8' (0#1) [/media/nisitha/My_Passport/MOODLE/Vivado_projects/SNN_project/snn_iris_project/snn_iris_project/snn_iris_project.srcs/sources_1/new/neuron_1.sv:1]
INFO: [Synth 8-6157] synthesizing module 'neuron_1__parameterized9' [/media/nisitha/My_Passport/MOODLE/Vivado_projects/SNN_project/snn_iris_project/snn_iris_project/snn_iris_project.srcs/sources_1/new/neuron_1.sv:1]
	Parameter NUM_INPUTS bound to: 8 - type: integer 
	Parameter WEIGHTS bound to: 256'b1111111111111111111111111101110011111111111111111111111110011110111111111111111111111111110110110000000000000000000000000000010011111111111111111111111110111101000000000000000000000000010011011111111111111111111111111100010100000000000000000000000000101010 
	Parameter BIAS bound to: 32'sb00000000000000000000000000100010 
	Parameter V_TH bound to: 32'sb00000000000000000000000100000000 
INFO: [Synth 8-6155] done synthesizing module 'neuron_1__parameterized9' (0#1) [/media/nisitha/My_Passport/MOODLE/Vivado_projects/SNN_project/snn_iris_project/snn_iris_project/snn_iris_project.srcs/sources_1/new/neuron_1.sv:1]
INFO: [Synth 8-6157] synthesizing module 'neuron_1__parameterized10' [/media/nisitha/My_Passport/MOODLE/Vivado_projects/SNN_project/snn_iris_project/snn_iris_project/snn_iris_project.srcs/sources_1/new/neuron_1.sv:1]
	Parameter NUM_INPUTS bound to: 8 - type: integer 
	Parameter WEIGHTS bound to: 256'b1111111111111111111111111111001011111111111111111111111110011100000000000000000000000000000011000000000000000000000000001001000100000000000000000000000000010011000000000000000000000000001111111111111111111111111111111101100100000000000000000000000001011111 
	Parameter BIAS bound to: 32'sb00000000000000000000000000111100 
	Parameter V_TH bound to: 32'sb00000000000000000000000100000000 
INFO: [Synth 8-6155] done synthesizing module 'neuron_1__parameterized10' (0#1) [/media/nisitha/My_Passport/MOODLE/Vivado_projects/SNN_project/snn_iris_project/snn_iris_project/snn_iris_project.srcs/sources_1/new/neuron_1.sv:1]
INFO: [Synth 8-6157] synthesizing module 'neuron_1__parameterized11' [/media/nisitha/My_Passport/MOODLE/Vivado_projects/SNN_project/snn_iris_project/snn_iris_project/snn_iris_project.srcs/sources_1/new/neuron_1.sv:1]
	Parameter NUM_INPUTS bound to: 8 - type: integer 
	Parameter WEIGHTS bound to: 256'b1111111111111111111111111011011000000000000000000000000000000000111111111111111111111111101110101111111111111111111111111111100111111111111111111111111110011010000000000000000000000000010000010000000000000000000000000010001100000000000000000000000001110100 
	Parameter BIAS bound to: 32'sb00000000000000000000000001011100 
	Parameter V_TH bound to: 32'sb00000000000000000000000100000000 
INFO: [Synth 8-6155] done synthesizing module 'neuron_1__parameterized11' (0#1) [/media/nisitha/My_Passport/MOODLE/Vivado_projects/SNN_project/snn_iris_project/snn_iris_project/snn_iris_project.srcs/sources_1/new/neuron_1.sv:1]
INFO: [Synth 8-6157] synthesizing module 'neuron_1__parameterized12' [/media/nisitha/My_Passport/MOODLE/Vivado_projects/SNN_project/snn_iris_project/snn_iris_project/snn_iris_project.srcs/sources_1/new/neuron_1.sv:1]
	Parameter NUM_INPUTS bound to: 8 - type: integer 
	Parameter WEIGHTS bound to: 256'b1111111111111111111111111110111000000000000000000000000000110010000000000000000000000000000001110000000000000000000000000101000100000000000000000000000001001110000000000000000000000000000010001111111111111111111111111100110111111111111111111111111111101000 
	Parameter BIAS bound to: 32'sb00000000000000000000000000101000 
	Parameter V_TH bound to: 32'sb00000000000000000000000100000000 
INFO: [Synth 8-6155] done synthesizing module 'neuron_1__parameterized12' (0#1) [/media/nisitha/My_Passport/MOODLE/Vivado_projects/SNN_project/snn_iris_project/snn_iris_project/snn_iris_project.srcs/sources_1/new/neuron_1.sv:1]
INFO: [Synth 8-6155] done synthesizing module 'layer2_8to6' (0#1) [/media/nisitha/My_Passport/MOODLE/Vivado_projects/SNN_project/snn_iris_project/snn_iris_project/snn_iris_project.srcs/sources_1/new/layer2.v:5]
INFO: [Synth 8-6157] synthesizing module 'layer3_6to4' [/media/nisitha/My_Passport/MOODLE/Vivado_projects/SNN_project/snn_iris_project/snn_iris_project/snn_iris_project.srcs/sources_1/new/layer3.v:5]
INFO: [Synth 8-6157] synthesizing module 'neuron_1__parameterized13' [/media/nisitha/My_Passport/MOODLE/Vivado_projects/SNN_project/snn_iris_project/snn_iris_project/snn_iris_project.srcs/sources_1/new/neuron_1.sv:1]
	Parameter NUM_INPUTS bound to: 6 - type: integer 
	Parameter WEIGHTS bound to: 256'b0000000000000000000000000110101111111111111111111111111110101110111111111111111111111111110110010000000000000000000000000111100100000000000000000000000001111101000000000000000000000000011101010000000000000000000000000000000000000000000000000000000000000000 
	Parameter BIAS bound to: 32'sb00000000000000000000000000010100 
	Parameter V_TH bound to: 32'sb00000000000000000000000100000000 
INFO: [Synth 8-6155] done synthesizing module 'neuron_1__parameterized13' (0#1) [/media/nisitha/My_Passport/MOODLE/Vivado_projects/SNN_project/snn_iris_project/snn_iris_project/snn_iris_project.srcs/sources_1/new/neuron_1.sv:1]
INFO: [Synth 8-6157] synthesizing module 'neuron_1__parameterized14' [/media/nisitha/My_Passport/MOODLE/Vivado_projects/SNN_project/snn_iris_project/snn_iris_project/snn_iris_project.srcs/sources_1/new/neuron_1.sv:1]
	Parameter NUM_INPUTS bound to: 6 - type: integer 
	Parameter WEIGHTS bound to: 256'b1111111111111111111111111101110100000000000000000000000001010010111111111111111111111111100001011111111111111111111111111011110011111111111111111111111111011000000000000000000000000000100000100000000000000000000000000000000000000000000000000000000000000000 
	Parameter BIAS bound to: 32'sb00000000000000000000000001111001 
	Parameter V_TH bound to: 32'sb00000000000000000000000100000000 
INFO: [Synth 8-6155] done synthesizing module 'neuron_1__parameterized14' (0#1) [/media/nisitha/My_Passport/MOODLE/Vivado_projects/SNN_project/snn_iris_project/snn_iris_project/snn_iris_project.srcs/sources_1/new/neuron_1.sv:1]
INFO: [Synth 8-6157] synthesizing module 'neuron_1__parameterized15' [/media/nisitha/My_Passport/MOODLE/Vivado_projects/SNN_project/snn_iris_project/snn_iris_project/snn_iris_project.srcs/sources_1/new/neuron_1.sv:1]
	Parameter NUM_INPUTS bound to: 6 - type: integer 
	Parameter WEIGHTS bound to: 256'b1111111111111111111111111111100100000000000000000000000000010101111111111111111111111111101010001111111111111111111111111100001011111111111111111111111111101010111111111111111111111111011011010000000000000000000000000000000000000000000000000000000000000000 
	Parameter BIAS bound to: 32'sb11111111111111111111111111000001 
	Parameter V_TH bound to: 32'sb00000000000000000000000100000000 
INFO: [Synth 8-6155] done synthesizing module 'neuron_1__parameterized15' (0#1) [/media/nisitha/My_Passport/MOODLE/Vivado_projects/SNN_project/snn_iris_project/snn_iris_project/snn_iris_project.srcs/sources_1/new/neuron_1.sv:1]
INFO: [Synth 8-6157] synthesizing module 'neuron_1__parameterized16' [/media/nisitha/My_Passport/MOODLE/Vivado_projects/SNN_project/snn_iris_project/snn_iris_project/snn_iris_project.srcs/sources_1/new/neuron_1.sv:1]
	Parameter NUM_INPUTS bound to: 6 - type: integer 
	Parameter WEIGHTS bound to: 256'b0000000000000000000000001000110111111111111111111111111110001011000000000000000000000000011011000000000000000000000000000001100000000000000000000000000001111010000000000000000000000000011101110000000000000000000000000000000000000000000000000000000000000000 
	Parameter BIAS bound to: 32'sb00000000000000000000000000101010 
	Parameter V_TH bound to: 32'sb00000000000000000000000100000000 
INFO: [Synth 8-6155] done synthesizing module 'neuron_1__parameterized16' (0#1) [/media/nisitha/My_Passport/MOODLE/Vivado_projects/SNN_project/snn_iris_project/snn_iris_project/snn_iris_project.srcs/sources_1/new/neuron_1.sv:1]
INFO: [Synth 8-6155] done synthesizing module 'layer3_6to4' (0#1) [/media/nisitha/My_Passport/MOODLE/Vivado_projects/SNN_project/snn_iris_project/snn_iris_project/snn_iris_project.srcs/sources_1/new/layer3.v:5]
INFO: [Synth 8-6157] synthesizing module 'layer4_4to3' [/media/nisitha/My_Passport/MOODLE/Vivado_projects/SNN_project/snn_iris_project/snn_iris_project/snn_iris_project.srcs/sources_1/new/layer4.v:5]
INFO: [Synth 8-6157] synthesizing module 'neuron_1__parameterized17' [/media/nisitha/My_Passport/MOODLE/Vivado_projects/SNN_project/snn_iris_project/snn_iris_project/snn_iris_project.srcs/sources_1/new/neuron_1.sv:1]
	Parameter NUM_INPUTS bound to: 4 - type: integer 
	Parameter WEIGHTS bound to: 256'b1111111111111111111111111110100100000000000000000000000010100111111111111111111111111111111101011111111111111111111111111100101100000000000000000000000000000000000000000000000000000000000000000000000000000000000000000000000000000000000000000000000000000000 
	Parameter BIAS bound to: 32'sb11111111111111111111111111101010 
	Parameter V_TH bound to: 32'sb00000000000000000000000100000000 
INFO: [Synth 8-6155] done synthesizing module 'neuron_1__parameterized17' (0#1) [/media/nisitha/My_Passport/MOODLE/Vivado_projects/SNN_project/snn_iris_project/snn_iris_project/snn_iris_project.srcs/sources_1/new/neuron_1.sv:1]
INFO: [Synth 8-6157] synthesizing module 'neuron_1__parameterized18' [/media/nisitha/My_Passport/MOODLE/Vivado_projects/SNN_project/snn_iris_project/snn_iris_project/snn_iris_project.srcs/sources_1/new/neuron_1.sv:1]
	Parameter NUM_INPUTS bound to: 4 - type: integer 
	Parameter WEIGHTS bound to: 256'b0000000000000000000000000110000100000000000000000000000001100010111111111111111111111111100111110000000000000000000000000100011000000000000000000000000000000000000000000000000000000000000000000000000000000000000000000000000000000000000000000000000000000000 
	Parameter BIAS bound to: 32'sb11111111111111111111111111101011 
	Parameter V_TH bound to: 32'sb00000000000000000000000100000000 
INFO: [Synth 8-6155] done synthesizing module 'neuron_1__parameterized18' (0#1) [/media/nisitha/My_Passport/MOODLE/Vivado_projects/SNN_project/snn_iris_project/snn_iris_project/snn_iris_project.srcs/sources_1/new/neuron_1.sv:1]
INFO: [Synth 8-6157] synthesizing module 'neuron_1__parameterized19' [/media/nisitha/My_Passport/MOODLE/Vivado_projects/SNN_project/snn_iris_project/snn_iris_project/snn_iris_project.srcs/sources_1/new/neuron_1.sv:1]
	Parameter NUM_INPUTS bound to: 4 - type: integer 
	Parameter WEIGHTS bound to: 256'b0000000000000000000000001000110111111111111111111111111111100110111111111111111111111111101101100000000000000000000000001010001000000000000000000000000000000000000000000000000000000000000000000000000000000000000000000000000000000000000000000000000000000000 
	Parameter BIAS bound to: 32'sb11111111111111111111111110100001 
	Parameter V_TH bound to: 32'sb00000000000000000000000100000000 
INFO: [Synth 8-6155] done synthesizing module 'neuron_1__parameterized19' (0#1) [/media/nisitha/My_Passport/MOODLE/Vivado_projects/SNN_project/snn_iris_project/snn_iris_project/snn_iris_project.srcs/sources_1/new/neuron_1.sv:1]
INFO: [Synth 8-6155] done synthesizing module 'layer4_4to3' (0#1) [/media/nisitha/My_Passport/MOODLE/Vivado_projects/SNN_project/snn_iris_project/snn_iris_project/snn_iris_project.srcs/sources_1/new/layer4.v:5]
INFO: [Synth 8-6155] done synthesizing module 'snn_iris_top' (0#1) [/media/nisitha/My_Passport/MOODLE/Vivado_projects/SNN_project/snn_iris_project/snn_iris_project/snn_iris_project.srcs/sources_1/new/snn_iris_top.sv:1]
WARNING: [Synth 8-6014] Unused sequential element total_input_reg was removed.  [/media/nisitha/My_Passport/MOODLE/Vivado_projects/SNN_project/snn_iris_project/snn_iris_project/snn_iris_project.srcs/sources_1/new/neuron_1.sv:48]
WARNING: [Synth 8-6014] Unused sequential element new_voltage_reg was removed.  [/media/nisitha/My_Passport/MOODLE/Vivado_projects/SNN_project/snn_iris_project/snn_iris_project/snn_iris_project.srcs/sources_1/new/neuron_1.sv:49]
WARNING: [Synth 8-6014] Unused sequential element total_input_reg was removed.  [/media/nisitha/My_Passport/MOODLE/Vivado_projects/SNN_project/snn_iris_project/snn_iris_project/snn_iris_project.srcs/sources_1/new/neuron_1.sv:48]
WARNING: [Synth 8-6014] Unused sequential element new_voltage_reg was removed.  [/media/nisitha/My_Passport/MOODLE/Vivado_projects/SNN_project/snn_iris_project/snn_iris_project/snn_iris_project.srcs/sources_1/new/neuron_1.sv:49]
WARNING: [Synth 8-6014] Unused sequential element total_input_reg was removed.  [/media/nisitha/My_Passport/MOODLE/Vivado_projects/SNN_project/snn_iris_project/snn_iris_project/snn_iris_project.srcs/sources_1/new/neuron_1.sv:48]
WARNING: [Synth 8-6014] Unused sequential element new_voltage_reg was removed.  [/media/nisitha/My_Passport/MOODLE/Vivado_projects/SNN_project/snn_iris_project/snn_iris_project/snn_iris_project.srcs/sources_1/new/neuron_1.sv:49]
WARNING: [Synth 8-6014] Unused sequential element total_input_reg was removed.  [/media/nisitha/My_Passport/MOODLE/Vivado_projects/SNN_project/snn_iris_project/snn_iris_project/snn_iris_project.srcs/sources_1/new/neuron_1.sv:48]
WARNING: [Synth 8-6014] Unused sequential element new_voltage_reg was removed.  [/media/nisitha/My_Passport/MOODLE/Vivado_projects/SNN_project/snn_iris_project/snn_iris_project/snn_iris_project.srcs/sources_1/new/neuron_1.sv:49]
WARNING: [Synth 8-6014] Unused sequential element total_input_reg was removed.  [/media/nisitha/My_Passport/MOODLE/Vivado_projects/SNN_project/snn_iris_project/snn_iris_project/snn_iris_project.srcs/sources_1/new/neuron_1.sv:48]
WARNING: [Synth 8-6014] Unused sequential element new_voltage_reg was removed.  [/media/nisitha/My_Passport/MOODLE/Vivado_projects/SNN_project/snn_iris_project/snn_iris_project/snn_iris_project.srcs/sources_1/new/neuron_1.sv:49]
WARNING: [Synth 8-6014] Unused sequential element total_input_reg was removed.  [/media/nisitha/My_Passport/MOODLE/Vivado_projects/SNN_project/snn_iris_project/snn_iris_project/snn_iris_project.srcs/sources_1/new/neuron_1.sv:48]
WARNING: [Synth 8-6014] Unused sequential element new_voltage_reg was removed.  [/media/nisitha/My_Passport/MOODLE/Vivado_projects/SNN_project/snn_iris_project/snn_iris_project/snn_iris_project.srcs/sources_1/new/neuron_1.sv:49]
WARNING: [Synth 8-6014] Unused sequential element total_input_reg was removed.  [/media/nisitha/My_Passport/MOODLE/Vivado_projects/SNN_project/snn_iris_project/snn_iris_project/snn_iris_project.srcs/sources_1/new/neuron_1.sv:48]
WARNING: [Synth 8-6014] Unused sequential element new_voltage_reg was removed.  [/media/nisitha/My_Passport/MOODLE/Vivado_projects/SNN_project/snn_iris_project/snn_iris_project/snn_iris_project.srcs/sources_1/new/neuron_1.sv:49]
WARNING: [Synth 8-6014] Unused sequential element total_input_reg was removed.  [/media/nisitha/My_Passport/MOODLE/Vivado_projects/SNN_project/snn_iris_project/snn_iris_project/snn_iris_project.srcs/sources_1/new/neuron_1.sv:48]
WARNING: [Synth 8-6014] Unused sequential element new_voltage_reg was removed.  [/media/nisitha/My_Passport/MOODLE/Vivado_projects/SNN_project/snn_iris_project/snn_iris_project/snn_iris_project.srcs/sources_1/new/neuron_1.sv:49]
WARNING: [Synth 8-6014] Unused sequential element total_input_reg was removed.  [/media/nisitha/My_Passport/MOODLE/Vivado_projects/SNN_project/snn_iris_project/snn_iris_project/snn_iris_project.srcs/sources_1/new/neuron_1.sv:48]
WARNING: [Synth 8-6014] Unused sequential element new_voltage_reg was removed.  [/media/nisitha/My_Passport/MOODLE/Vivado_projects/SNN_project/snn_iris_project/snn_iris_project/snn_iris_project.srcs/sources_1/new/neuron_1.sv:49]
WARNING: [Synth 8-6014] Unused sequential element total_input_reg was removed.  [/media/nisitha/My_Passport/MOODLE/Vivado_projects/SNN_project/snn_iris_project/snn_iris_project/snn_iris_project.srcs/sources_1/new/neuron_1.sv:48]
WARNING: [Synth 8-6014] Unused sequential element new_voltage_reg was removed.  [/media/nisitha/My_Passport/MOODLE/Vivado_projects/SNN_project/snn_iris_project/snn_iris_project/snn_iris_project.srcs/sources_1/new/neuron_1.sv:49]
WARNING: [Synth 8-6014] Unused sequential element total_input_reg was removed.  [/media/nisitha/My_Passport/MOODLE/Vivado_projects/SNN_project/snn_iris_project/snn_iris_project/snn_iris_project.srcs/sources_1/new/neuron_1.sv:48]
WARNING: [Synth 8-6014] Unused sequential element new_voltage_reg was removed.  [/media/nisitha/My_Passport/MOODLE/Vivado_projects/SNN_project/snn_iris_project/snn_iris_project/snn_iris_project.srcs/sources_1/new/neuron_1.sv:49]
WARNING: [Synth 8-6014] Unused sequential element total_input_reg was removed.  [/media/nisitha/My_Passport/MOODLE/Vivado_projects/SNN_project/snn_iris_project/snn_iris_project/snn_iris_project.srcs/sources_1/new/neuron_1.sv:48]
WARNING: [Synth 8-6014] Unused sequential element new_voltage_reg was removed.  [/media/nisitha/My_Passport/MOODLE/Vivado_projects/SNN_project/snn_iris_project/snn_iris_project/snn_iris_project.srcs/sources_1/new/neuron_1.sv:49]
WARNING: [Synth 8-6014] Unused sequential element total_input_reg was removed.  [/media/nisitha/My_Passport/MOODLE/Vivado_projects/SNN_project/snn_iris_project/snn_iris_project/snn_iris_project.srcs/sources_1/new/neuron_1.sv:48]
WARNING: [Synth 8-6014] Unused sequential element new_voltage_reg was removed.  [/media/nisitha/My_Passport/MOODLE/Vivado_projects/SNN_project/snn_iris_project/snn_iris_project/snn_iris_project.srcs/sources_1/new/neuron_1.sv:49]
WARNING: [Synth 8-6014] Unused sequential element total_input_reg was removed.  [/media/nisitha/My_Passport/MOODLE/Vivado_projects/SNN_project/snn_iris_project/snn_iris_project/snn_iris_project.srcs/sources_1/new/neuron_1.sv:48]
WARNING: [Synth 8-6014] Unused sequential element new_voltage_reg was removed.  [/media/nisitha/My_Passport/MOODLE/Vivado_projects/SNN_project/snn_iris_project/snn_iris_project/snn_iris_project.srcs/sources_1/new/neuron_1.sv:49]
WARNING: [Synth 8-6014] Unused sequential element total_input_reg was removed.  [/media/nisitha/My_Passport/MOODLE/Vivado_projects/SNN_project/snn_iris_project/snn_iris_project/snn_iris_project.srcs/sources_1/new/neuron_1.sv:48]
WARNING: [Synth 8-6014] Unused sequential element new_voltage_reg was removed.  [/media/nisitha/My_Passport/MOODLE/Vivado_projects/SNN_project/snn_iris_project/snn_iris_project/snn_iris_project.srcs/sources_1/new/neuron_1.sv:49]
WARNING: [Synth 8-6014] Unused sequential element total_input_reg was removed.  [/media/nisitha/My_Passport/MOODLE/Vivado_projects/SNN_project/snn_iris_project/snn_iris_project/snn_iris_project.srcs/sources_1/new/neuron_1.sv:48]
WARNING: [Synth 8-6014] Unused sequential element new_voltage_reg was removed.  [/media/nisitha/My_Passport/MOODLE/Vivado_projects/SNN_project/snn_iris_project/snn_iris_project/snn_iris_project.srcs/sources_1/new/neuron_1.sv:49]
WARNING: [Synth 8-6014] Unused sequential element total_input_reg was removed.  [/media/nisitha/My_Passport/MOODLE/Vivado_projects/SNN_project/snn_iris_project/snn_iris_project/snn_iris_project.srcs/sources_1/new/neuron_1.sv:48]
WARNING: [Synth 8-6014] Unused sequential element new_voltage_reg was removed.  [/media/nisitha/My_Passport/MOODLE/Vivado_projects/SNN_project/snn_iris_project/snn_iris_project/snn_iris_project.srcs/sources_1/new/neuron_1.sv:49]
WARNING: [Synth 8-6014] Unused sequential element total_input_reg was removed.  [/media/nisitha/My_Passport/MOODLE/Vivado_projects/SNN_project/snn_iris_project/snn_iris_project/snn_iris_project.srcs/sources_1/new/neuron_1.sv:48]
WARNING: [Synth 8-6014] Unused sequential element new_voltage_reg was removed.  [/media/nisitha/My_Passport/MOODLE/Vivado_projects/SNN_project/snn_iris_project/snn_iris_project/snn_iris_project.srcs/sources_1/new/neuron_1.sv:49]
WARNING: [Synth 8-6014] Unused sequential element total_input_reg was removed.  [/media/nisitha/My_Passport/MOODLE/Vivado_projects/SNN_project/snn_iris_project/snn_iris_project/snn_iris_project.srcs/sources_1/new/neuron_1.sv:48]
WARNING: [Synth 8-6014] Unused sequential element new_voltage_reg was removed.  [/media/nisitha/My_Passport/MOODLE/Vivado_projects/SNN_project/snn_iris_project/snn_iris_project/snn_iris_project.srcs/sources_1/new/neuron_1.sv:49]
WARNING: [Synth 8-6014] Unused sequential element total_input_reg was removed.  [/media/nisitha/My_Passport/MOODLE/Vivado_projects/SNN_project/snn_iris_project/snn_iris_project/snn_iris_project.srcs/sources_1/new/neuron_1.sv:48]
WARNING: [Synth 8-6014] Unused sequential element new_voltage_reg was removed.  [/media/nisitha/My_Passport/MOODLE/Vivado_projects/SNN_project/snn_iris_project/snn_iris_project/snn_iris_project.srcs/sources_1/new/neuron_1.sv:49]
WARNING: [Synth 8-6014] Unused sequential element total_input_reg was removed.  [/media/nisitha/My_Passport/MOODLE/Vivado_projects/SNN_project/snn_iris_project/snn_iris_project/snn_iris_project.srcs/sources_1/new/neuron_1.sv:48]
WARNING: [Synth 8-6014] Unused sequential element new_voltage_reg was removed.  [/media/nisitha/My_Passport/MOODLE/Vivado_projects/SNN_project/snn_iris_project/snn_iris_project/snn_iris_project.srcs/sources_1/new/neuron_1.sv:49]
WARNING: [Synth 8-7129] Port layer_enable in module layer4_4to3 is either unconnected or has no load
WARNING: [Synth 8-7129] Port layer_enable in module layer3_6to4 is either unconnected or has no load
WARNING: [Synth 8-7129] Port spikes_i[1] in module neuron_1__parameterized11 is either unconnected or has no load
WARNING: [Synth 8-7129] Port layer_enable in module layer2_8to6 is either unconnected or has no load
WARNING: [Synth 8-7129] Port layer_enable in module layer1_4to8 is either unconnected or has no load
---------------------------------------------------------------------------------
Finished Synthesize : Time (s): cpu = 00:00:16 ; elapsed = 00:00:19 . Memory (MB): peak = 1907.469 ; gain = 494.535 ; free physical = 1183 ; free virtual = 10337
---------------------------------------------------------------------------------
---------------------------------------------------------------------------------
Finished Constraint Validation : Time (s): cpu = 00:00:17 ; elapsed = 00:00:20 . Memory (MB): peak = 1925.281 ; gain = 512.348 ; free physical = 1178 ; free virtual = 10337
---------------------------------------------------------------------------------
---------------------------------------------------------------------------------
Start Loading Part and Timing Information
---------------------------------------------------------------------------------
Loading part: xc7z010clg400-1
---------------------------------------------------------------------------------
INFO: [Device 21-403] Loading part xc7z010clg400-1
Finished Loading Part and Timing Information : Time (s): cpu = 00:00:17 ; elapsed = 00:00:21 . Memory (MB): peak = 1933.285 ; gain = 520.352 ; free physical = 1179 ; free virtual = 10338
---------------------------------------------------------------------------------
---------------------------------------------------------------------------------
Finished RTL Optimization Phase 2 : Time (s): cpu = 00:00:20 ; elapsed = 00:00:22 . Memory (MB): peak = 1954.066 ; gain = 541.133 ; free physical = 1139 ; free virtual = 10326
---------------------------------------------------------------------------------
No constraint files found.
---------------------------------------------------------------------------------
Start RTL Component Statistics 
---------------------------------------------------------------------------------
Detailed RTL Component Info : 
+---Adders : 
	   4 Input   32 Bit       Adders := 67    
	   3 Input   32 Bit       Adders := 1     
	   2 Input   32 Bit       Adders := 2     
	   4 Input    9 Bit       Adders := 1     
	   2 Input    8 Bit       Adders := 5     
+---XORs : 
	   4 Input      1 Bit         XORs := 4     
+---Registers : 
	               32 Bit    Registers := 60    
	                9 Bit    Registers := 1     
	                8 Bit    Registers := 9     
	                3 Bit    Registers := 1     
	                1 Bit    Registers := 31    
+---Muxes : 
	   2 Input   32 Bit        Muxes := 21    
	   2 Input    8 Bit        Muxes := 3     
	   3 Input    3 Bit        Muxes := 1     
	   2 Input    1 Bit        Muxes := 3     
---------------------------------------------------------------------------------
Finished RTL Component Statistics 
---------------------------------------------------------------------------------
---------------------------------------------------------------------------------
Start Part Resource Summary
---------------------------------------------------------------------------------
Part Resources:
DSPs: 80 (col length:40)
BRAMs: 120 (col length: RAMB18 40 RAMB36 20)
---------------------------------------------------------------------------------
Finished Part Resource Summary
---------------------------------------------------------------------------------
No constraint files found.
---------------------------------------------------------------------------------
Start Cross Boundary and Area Optimization
---------------------------------------------------------------------------------
WARNING: [Synth 8-7080] Parallel synthesis criteria is not met
WARNING: [Synth 8-7129] Port layer_enable in module layer4_4to3 is either unconnected or has no load
WARNING: [Synth 8-7129] Port layer_enable in module layer3_6to4 is either unconnected or has no load
WARNING: [Synth 8-7129] Port layer_enable in module layer2_8to6 is either unconnected or has no load
WARNING: [Synth 8-7129] Port layer_enable in module layer1_4to8 is either unconnected or has no load
---------------------------------------------------------------------------------
Finished Cross Boundary and Area Optimization : Time (s): cpu = 00:00:38 ; elapsed = 00:00:45 . Memory (MB): peak = 2072.645 ; gain = 659.711 ; free physical = 960 ; free virtual = 10173
---------------------------------------------------------------------------------
No constraint files found.
---------------------------------------------------------------------------------
Start Timing Optimization
---------------------------------------------------------------------------------
---------------------------------------------------------------------------------
Finished Timing Optimization : Time (s): cpu = 00:00:39 ; elapsed = 00:00:46 . Memory (MB): peak = 2072.645 ; gain = 659.711 ; free physical = 962 ; free virtual = 10175
---------------------------------------------------------------------------------
---------------------------------------------------------------------------------
Start Technology Mapping
---------------------------------------------------------------------------------
---------------------------------------------------------------------------------
Finished Technology Mapping : Time (s): cpu = 00:00:41 ; elapsed = 00:00:49 . Memory (MB): peak = 2072.645 ; gain = 659.711 ; free physical = 1007 ; free virtual = 10192
---------------------------------------------------------------------------------
---------------------------------------------------------------------------------
Start IO Insertion
---------------------------------------------------------------------------------
---------------------------------------------------------------------------------
Start Flattening Before IO Insertion
---------------------------------------------------------------------------------
---------------------------------------------------------------------------------
Finished Flattening Before IO Insertion
---------------------------------------------------------------------------------
---------------------------------------------------------------------------------
Start Final Netlist Cleanup
---------------------------------------------------------------------------------
---------------------------------------------------------------------------------
Finished Final Netlist Cleanup
---------------------------------------------------------------------------------
---------------------------------------------------------------------------------
Finished IO Insertion : Time (s): cpu = 00:00:52 ; elapsed = 00:00:59 . Memory (MB): peak = 2075.613 ; gain = 662.680 ; free physical = 1023 ; free virtual = 10211
---------------------------------------------------------------------------------
---------------------------------------------------------------------------------
Start Renaming Generated Instances
---------------------------------------------------------------------------------
---------------------------------------------------------------------------------
Finished Renaming Generated Instances : Time (s): cpu = 00:00:52 ; elapsed = 00:00:59 . Memory (MB): peak = 2075.613 ; gain = 662.680 ; free physical = 1023 ; free virtual = 10211
---------------------------------------------------------------------------------
---------------------------------------------------------------------------------
Start Rebuilding User Hierarchy
---------------------------------------------------------------------------------
---------------------------------------------------------------------------------
Finished Rebuilding User Hierarchy : Time (s): cpu = 00:00:52 ; elapsed = 00:01:00 . Memory (MB): peak = 2075.613 ; gain = 662.680 ; free physical = 1026 ; free virtual = 10214
---------------------------------------------------------------------------------
---------------------------------------------------------------------------------
Start Renaming Generated Ports
---------------------------------------------------------------------------------
---------------------------------------------------------------------------------
Finished Renaming Generated Ports : Time (s): cpu = 00:00:52 ; elapsed = 00:01:00 . Memory (MB): peak = 2075.613 ; gain = 662.680 ; free physical = 1026 ; free virtual = 10214
---------------------------------------------------------------------------------
---------------------------------------------------------------------------------
Start Handling Custom Attributes
---------------------------------------------------------------------------------
---------------------------------------------------------------------------------
Finished Handling Custom Attributes : Time (s): cpu = 00:00:52 ; elapsed = 00:01:00 . Memory (MB): peak = 2075.613 ; gain = 662.680 ; free physical = 1026 ; free virtual = 10214
---------------------------------------------------------------------------------
---------------------------------------------------------------------------------
Start Renaming Generated Nets
---------------------------------------------------------------------------------
---------------------------------------------------------------------------------
Finished Renaming Generated Nets : Time (s): cpu = 00:00:52 ; elapsed = 00:01:00 . Memory (MB): peak = 2075.613 ; gain = 662.680 ; free physical = 1026 ; free virtual = 10214
---------------------------------------------------------------------------------
---------------------------------------------------------------------------------
Start Writing Synthesis Report
---------------------------------------------------------------------------------

Report BlackBoxes: 
+-+--------------+----------+
| |BlackBox name |Instances |
+-+--------------+----------+
+-+--------------+----------+

Report Cell Usage: 
+------+-------+------+
|      |Cell   |Count |
+------+-------+------+
|1     |BUFG   |     1|
|2     |CARRY4 |   489|
|3     |LUT1   |   245|
|4     |LUT2   |  1307|
|5     |LUT3   |  1195|
|6     |LUT4   |   825|
|7     |LUT5   |   246|
|8     |LUT6   |   150|
|9     |FDCE   |    42|
|10    |FDPE   |     4|
|11    |FDRE   |   982|
|12    |FDSE   |     4|
|13    |IBUF   |    34|
|14    |OBUF   |     4|
+------+-------+------+

Report Instance Areas: 
+------+-------------+--------------------------+------+
|      |Instance     |Module                    |Cells |
+------+-------------+--------------------------+------+
|1     |top          |                          |  5528|
|2     |  ctrl       |control_iris              |    68|
|3     |  gen_f0     |gen_input_single          |    30|
|4     |  gen_f1     |gen_input_single_0        |    47|
|5     |  gen_f2     |gen_input_single_1        |    44|
|6     |  gen_f3     |gen_input_single_2        |    37|
|7     |  layer1     |layer1_4to8               |  1971|
|8     |    neuron_0 |neuron_1                  |   247|
|9     |    neuron_1 |neuron_1__parameterized0  |   235|
|10    |    neuron_2 |neuron_1__parameterized1  |   241|
|11    |    neuron_3 |neuron_1__parameterized2  |   255|
|12    |    neuron_4 |neuron_1__parameterized3  |   246|
|13    |    neuron_5 |neuron_1__parameterized4  |   249|
|14    |    neuron_6 |neuron_1__parameterized5  |   243|
|15    |    neuron_7 |neuron_1__parameterized6  |   255|
|16    |  layer2     |layer2_8to6               |  1531|
|17    |    neuron_0 |neuron_1__parameterized7  |   241|
|18    |    neuron_1 |neuron_1__parameterized8  |   250|
|19    |    neuron_2 |neuron_1__parameterized9  |   270|
|20    |    neuron_3 |neuron_1__parameterized10 |   256|
|21    |    neuron_4 |neuron_1__parameterized11 |   260|
|22    |    neuron_5 |neuron_1__parameterized12 |   254|
|23    |  layer3     |layer3_6to4               |  1000|
|24    |    neuron_0 |neuron_1__parameterized13 |   253|
|25    |    neuron_1 |neuron_1__parameterized14 |   258|
|26    |    neuron_2 |neuron_1__parameterized15 |   234|
|27    |    neuron_3 |neuron_1__parameterized16 |   255|
|28    |  layer4     |layer4_4to3               |   695|
|29    |    neuron_0 |neuron_1__parameterized17 |   232|
|30    |    neuron_1 |neuron_1__parameterized18 |   230|
|31    |    neuron_2 |neuron_1__parameterized19 |   233|
+------+-------------+--------------------------+------+
---------------------------------------------------------------------------------
Finished Writing Synthesis Report : Time (s): cpu = 00:00:52 ; elapsed = 00:01:00 . Memory (MB): peak = 2075.613 ; gain = 662.680 ; free physical = 1026 ; free virtual = 10214
---------------------------------------------------------------------------------
Synthesis finished with 0 errors, 0 critical warnings and 52 warnings.
Synthesis Optimization Runtime : Time (s): cpu = 00:00:52 ; elapsed = 00:01:00 . Memory (MB): peak = 2075.613 ; gain = 662.680 ; free physical = 1026 ; free virtual = 10214
Synthesis Optimization Complete : Time (s): cpu = 00:00:52 ; elapsed = 00:01:00 . Memory (MB): peak = 2075.621 ; gain = 662.680 ; free physical = 1026 ; free virtual = 10214
INFO: [Project 1-571] Translating synthesized netlist
Netlist sorting complete. Time (s): cpu = 00:00:00.08 ; elapsed = 00:00:00.07 . Memory (MB): peak = 2089.488 ; gain = 0.000 ; free physical = 1314 ; free virtual = 10500
INFO: [Netlist 29-17] Analyzing 489 Unisim elements for replacement
INFO: [Netlist 29-28] Unisim Transformation completed in 0 CPU seconds
INFO: [Project 1-570] Preparing netlist for logic optimization
INFO: [Opt 31-138] Pushed 0 inverter(s) to 0 load pin(s).
Netlist sorting complete. Time (s): cpu = 00:00:00 ; elapsed = 00:00:00 . Memory (MB): peak = 2216.266 ; gain = 0.000 ; free physical = 1250 ; free virtual = 10445
INFO: [Project 1-111] Unisim Transformation Summary:
No Unisim elements were transformed.

Synth Design complete | Checksum: d94866
INFO: [Common 17-83] Releasing license: Synthesis
93 Infos, 52 Warnings, 0 Critical Warnings and 0 Errors encountered.
synth_design completed successfully
synth_design: Time (s): cpu = 00:01:05 ; elapsed = 00:01:06 . Memory (MB): peak = 2216.301 ; gain = 813.273 ; free physical = 1250 ; free virtual = 10444
INFO: [Common 17-2834] synth_design peak Physical Memory [PSS] (MB): overall = 1672.380; main = 1421.181; forked = 355.329
INFO: [Common 17-2834] synth_design peak Virtual Memory [VSS] (MB): overall = 3069.270; main = 2216.270; forked = 996.621
Write ShapeDB Complete: Time (s): cpu = 00:00:00.12 ; elapsed = 00:00:00.05 . Memory (MB): peak = 2240.277 ; gain = 0.000 ; free physical = 1248 ; free virtual = 10443
INFO: [Common 17-1381] The checkpoint '/media/nisitha/My_Passport/MOODLE/Vivado_projects/SNN_project/snn_iris_project/snn_iris_project/snn_iris_project.runs/synth_1/snn_iris_top.dcp' has been generated.
INFO: [runtcl-4] Executing : report_utilization -file snn_iris_top_utilization_synth.rpt -pb snn_iris_top_utilization_synth.pb
INFO: [Common 17-206] Exiting Vivado at Fri Aug  8 10:05:56 2025...
