Vivado Simulator v2023.2
Copyright 1986-2022 Xilinx, Inc. All Rights Reserved.
Copyright 2022-2023 Advanced Micro Devices, Inc. All Rights Reserved.
Running: /tools/Xilinx/Vivado/2023.2/bin/unwrapped/lnx64.o/xelab --incr --debug typical --relax --mt 8 -L xil_defaultlib -L uvm -L unisims_ver -L unimacro_ver -L secureip --snapshot tb_snn_iris_top_behav xil_defaultlib.tb_snn_iris_top xil_defaultlib.glbl -log elaborate.log 
Using 8 slave threads.
Starting static elaboration
Pass Through NonSizing Optimizer
WARNING: [VRFC 10-5021] port 'layer_enable' is not connected on this instance [/media/nisitha/My_Passport/MOODLE/Vivado_projects/SNN_project/snn_iris_project/snn_iris_two_layered/snn_iris_two_layered.srcs/sources_1/new/snn_iris_top.sv:73]
WARNING: [VRFC 10-5021] port 'layer_enable' is not connected on this instance [/media/nisitha/My_Passport/MOODLE/Vivado_projects/SNN_project/snn_iris_project/snn_iris_two_layered/snn_iris_two_layered.srcs/sources_1/new/snn_iris_top.sv:82]
WARNING: [VRFC 10-3705] select index 4 into 'spikes_i' is out of bounds [/media/nisitha/My_Passport/MOODLE/Vivado_projects/SNN_project/snn_iris_project/snn_iris_two_layered/snn_iris_two_layered.srcs/sources_1/new/neuron.sv:33]
WARNING: [VRFC 10-3705] select index 5 into 'spikes_i' is out of bounds [/media/nisitha/My_Passport/MOODLE/Vivado_projects/SNN_project/snn_iris_project/snn_iris_two_layered/snn_iris_two_layered.srcs/sources_1/new/neuron.sv:34]
WARNING: [VRFC 10-3705] select index 6 into 'spikes_i' is out of bounds [/media/nisitha/My_Passport/MOODLE/Vivado_projects/SNN_project/snn_iris_project/snn_iris_two_layered/snn_iris_two_layered.srcs/sources_1/new/neuron.sv:35]
WARNING: [VRFC 10-3705] select index 7 into 'spikes_i' is out of bounds [/media/nisitha/My_Passport/MOODLE/Vivado_projects/SNN_project/snn_iris_project/snn_iris_two_layered/snn_iris_two_layered.srcs/sources_1/new/neuron.sv:36]
Completed static elaboration
Starting simulation data flow analysis
WARNING: [XSIM 43-4099] "/media/nisitha/My_Passport/MOODLE/Vivado_projects/SNN_project/snn_iris_project/snn_iris_two_layered/snn_iris_two_layered.srcs/sources_1/new/snn_iris_top.sv" Line 1. Module snn_iris_top_default doesn't have a timescale but at least one module in design has a timescale.
WARNING: [XSIM 43-4099] "/media/nisitha/My_Passport/MOODLE/Vivado_projects/SNN_project/snn_iris_project/snn_iris_two_layered/snn_iris_two_layered.srcs/sources_1/new/control_iris.v" Line 1. Module control_iris(TIME_STEPS=25,PIPELINE_DEPTH=4) doesn't have a timescale but at least one module in design has a timescale.
WARNING: [XSIM 43-4099] "/media/nisitha/My_Passport/MOODLE/Vivado_projects/SNN_project/snn_iris_project/snn_iris_two_layered/snn_iris_two_layered.srcs/sources_1/new/gen_input_single.sv" Line 1. Module gen_input_single doesn't have a timescale but at least one module in design has a timescale.
WARNING: [XSIM 43-4099] "/media/nisitha/My_Passport/MOODLE/Vivado_projects/SNN_project/snn_iris_project/snn_iris_two_layered/snn_iris_two_layered.srcs/sources_1/new/gen_input_single.sv" Line 1. Module gen_input_single doesn't have a timescale but at least one module in design has a timescale.
WARNING: [XSIM 43-4099] "/media/nisitha/My_Passport/MOODLE/Vivado_projects/SNN_project/snn_iris_project/snn_iris_two_layered/snn_iris_two_layered.srcs/sources_1/new/gen_input_single.sv" Line 1. Module gen_input_single doesn't have a timescale but at least one module in design has a timescale.
WARNING: [XSIM 43-4099] "/media/nisitha/My_Passport/MOODLE/Vivado_projects/SNN_project/snn_iris_project/snn_iris_two_layered/snn_iris_two_layered.srcs/sources_1/new/gen_input_single.sv" Line 1. Module gen_input_single doesn't have a timescale but at least one module in design has a timescale.
WARNING: [XSIM 43-4099] "/media/nisitha/My_Passport/MOODLE/Vivado_projects/SNN_project/snn_iris_project/snn_iris_two_layered/snn_iris_two_layered.srcs/sources_1/new/neuron.sv" Line 1. Module neuron_1(NUM_INPUTS=4,WEIGHTS='{3,34,20,-54,0,0,0,0},BIAS=-24,V_TH=128) doesn't have a timescale but at least one module in design has a timescale.
WARNING: [XSIM 43-4099] "/media/nisitha/My_Passport/MOODLE/Vivado_projects/SNN_project/snn_iris_project/snn_iris_two_layered/snn_iris_two_layered.srcs/sources_1/new/neuron.sv" Line 1. Module neuron_1(NUM_INPUTS=4,WEIGHTS='{-10,-48,59,74,0,0,0,0},BIAS=-37,V_TH=128) doesn't have a timescale but at least one module in design has a timescale.
WARNING: [XSIM 43-4099] "/media/nisitha/My_Passport/MOODLE/Vivado_projects/SNN_project/snn_iris_project/snn_iris_two_layered/snn_iris_two_layered.srcs/sources_1/new/neuron.sv" Line 1. Module neuron_1(NUM_INPUTS=4,WEIGHTS='{-52,23,-65,18,0,0,0,0},BIAS=27,V_TH=128) doesn't have a timescale but at least one module in design has a timescale.
WARNING: [XSIM 43-4099] "/media/nisitha/My_Passport/MOODLE/Vivado_projects/SNN_project/snn_iris_project/snn_iris_two_layered/snn_iris_two_layered.srcs/sources_1/new/neuron.sv" Line 1. Module neuron_1(NUM_INPUTS=4,WEIGHTS='{-12,-53,3,2,0,0,0,0},BIAS=-54,V_TH=128) doesn't have a timescale but at least one module in design has a timescale.
WARNING: [XSIM 43-4099] "/media/nisitha/My_Passport/MOODLE/Vivado_projects/SNN_project/snn_iris_project/snn_iris_two_layered/snn_iris_two_layered.srcs/sources_1/new/neuron.sv" Line 1. Module neuron_1(NUM_INPUTS=4,WEIGHTS='{29,-2,30,29,0,0,0,0},BIAS=-11,V_TH=128) doesn't have a timescale but at least one module in design has a timescale.
WARNING: [XSIM 43-4099] "/media/nisitha/My_Passport/MOODLE/Vivado_projects/SNN_project/snn_iris_project/snn_iris_two_layered/snn_iris_two_layered.srcs/sources_1/new/neuron.sv" Line 1. Module neuron_1(NUM_INPUTS=4,WEIGHTS='{25,57,-62,11,0,0,0,0},BIAS=-62,V_TH=128) doesn't have a timescale but at least one module in design has a timescale.
WARNING: [XSIM 43-4099] "/media/nisitha/My_Passport/MOODLE/Vivado_projects/SNN_project/snn_iris_project/snn_iris_two_layered/snn_iris_two_layered.srcs/sources_1/new/neuron.sv" Line 1. Module neuron_1(NUM_INPUTS=4,WEIGHTS='{-21,-19,44,-24,0,0,0,0},BIAS=47,V_TH=128) doesn't have a timescale but at least one module in design has a timescale.
WARNING: [XSIM 43-4099] "/media/nisitha/My_Passport/MOODLE/Vivado_projects/SNN_project/snn_iris_project/snn_iris_two_layered/snn_iris_two_layered.srcs/sources_1/new/neuron.sv" Line 1. Module neuron_1(NUM_INPUTS=4,WEIGHTS='{55,-49,-54,21,0,0,0,0},BIAS=-53,V_TH=128) doesn't have a timescale but at least one module in design has a timescale.
WARNING: [XSIM 43-4099] "/media/nisitha/My_Passport/MOODLE/Vivado_projects/SNN_project/snn_iris_project/snn_iris_two_layered/snn_iris_two_layered.srcs/sources_1/new/neuron.sv" Line 1. Module neuron_1(WEIGHTS='{4,-22,43,8,-24,25,5,-26},BIAS=17,V_TH=128) doesn't have a timescale but at least one module in design has a timescale.
WARNING: [XSIM 43-4099] "/media/nisitha/My_Passport/MOODLE/Vivado_projects/SNN_project/snn_iris_project/snn_iris_two_layered/snn_iris_two_layered.srcs/sources_1/new/neuron.sv" Line 1. Module neuron_1(WEIGHTS='{-29,-35,-11,32,-15,9,33,26},BIAS=37,V_TH=128) doesn't have a timescale but at least one module in design has a timescale.
WARNING: [XSIM 43-4099] "/media/nisitha/My_Passport/MOODLE/Vivado_projects/SNN_project/snn_iris_project/snn_iris_two_layered/snn_iris_two_layered.srcs/sources_1/new/neuron.sv" Line 1. Module neuron_1(WEIGHTS='{-23,21,-13,34,-4,-37,-12,-41},BIAS=30,V_TH=128) doesn't have a timescale but at least one module in design has a timescale.
WARNING: [XSIM 43-4099] "/media/nisitha/My_Passport/MOODLE/Vivado_projects/SNN_project/snn_iris_project/snn_iris_two_layered/snn_iris_two_layered.srcs/sources_1/new/snn_iris_top.sv" Line 1. Module snn_iris_top_default doesn't have a timescale but at least one module in design has a timescale.
WARNING: [XSIM 43-4099] "/media/nisitha/My_Passport/MOODLE/Vivado_projects/SNN_project/snn_iris_project/snn_iris_two_layered/snn_iris_two_layered.srcs/sources_1/new/control_iris.v" Line 1. Module control_iris(TIME_STEPS=25,PIPELINE_DEPTH=4) doesn't have a timescale but at least one module in design has a timescale.
WARNING: [XSIM 43-4099] "/media/nisitha/My_Passport/MOODLE/Vivado_projects/SNN_project/snn_iris_project/snn_iris_two_layered/snn_iris_two_layered.srcs/sources_1/new/gen_input_single.sv" Line 1. Module gen_input_single doesn't have a timescale but at least one module in design has a timescale.
WARNING: [XSIM 43-4099] "/media/nisitha/My_Passport/MOODLE/Vivado_projects/SNN_project/snn_iris_project/snn_iris_two_layered/snn_iris_two_layered.srcs/sources_1/new/gen_input_single.sv" Line 1. Module gen_input_single doesn't have a timescale but at least one module in design has a timescale.
WARNING: [XSIM 43-4099] "/media/nisitha/My_Passport/MOODLE/Vivado_projects/SNN_project/snn_iris_project/snn_iris_two_layered/snn_iris_two_layered.srcs/sources_1/new/gen_input_single.sv" Line 1. Module gen_input_single doesn't have a timescale but at least one module in design has a timescale.
WARNING: [XSIM 43-4099] "/media/nisitha/My_Passport/MOODLE/Vivado_projects/SNN_project/snn_iris_project/snn_iris_two_layered/snn_iris_two_layered.srcs/sources_1/new/gen_input_single.sv" Line 1. Module gen_input_single doesn't have a timescale but at least one module in design has a timescale.
WARNING: [XSIM 43-4099] "/media/nisitha/My_Passport/MOODLE/Vivado_projects/SNN_project/snn_iris_project/snn_iris_two_layered/snn_iris_two_layered.srcs/sources_1/new/neuron.sv" Line 1. Module neuron_1(NUM_INPUTS=4,WEIGHTS='{3,34,20,-54,0,0,0,0},BIAS=-24,V_TH=128) doesn't have a timescale but at least one module in design has a timescale.
WARNING: [XSIM 43-4099] "/media/nisitha/My_Passport/MOODLE/Vivado_projects/SNN_project/snn_iris_project/snn_iris_two_layered/snn_iris_two_layered.srcs/sources_1/new/neuron.sv" Line 1. Module neuron_1(NUM_INPUTS=4,WEIGHTS='{-10,-48,59,74,0,0,0,0},BIAS=-37,V_TH=128) doesn't have a timescale but at least one module in design has a timescale.
WARNING: [XSIM 43-4099] "/media/nisitha/My_Passport/MOODLE/Vivado_projects/SNN_project/snn_iris_project/snn_iris_two_layered/snn_iris_two_layered.srcs/sources_1/new/neuron.sv" Line 1. Module neuron_1(NUM_INPUTS=4,WEIGHTS='{-52,23,-65,18,0,0,0,0},BIAS=27,V_TH=128) doesn't have a timescale but at least one module in design has a timescale.
WARNING: [XSIM 43-4099] "/media/nisitha/My_Passport/MOODLE/Vivado_projects/SNN_project/snn_iris_project/snn_iris_two_layered/snn_iris_two_layered.srcs/sources_1/new/neuron.sv" Line 1. Module neuron_1(NUM_INPUTS=4,WEIGHTS='{-12,-53,3,2,0,0,0,0},BIAS=-54,V_TH=128) doesn't have a timescale but at least one module in design has a timescale.
WARNING: [XSIM 43-4099] "/media/nisitha/My_Passport/MOODLE/Vivado_projects/SNN_project/snn_iris_project/snn_iris_two_layered/snn_iris_two_layered.srcs/sources_1/new/neuron.sv" Line 1. Module neuron_1(NUM_INPUTS=4,WEIGHTS='{29,-2,30,29,0,0,0,0},BIAS=-11,V_TH=128) doesn't have a timescale but at least one module in design has a timescale.
WARNING: [XSIM 43-4099] "/media/nisitha/My_Passport/MOODLE/Vivado_projects/SNN_project/snn_iris_project/snn_iris_two_layered/snn_iris_two_layered.srcs/sources_1/new/neuron.sv" Line 1. Module neuron_1(NUM_INPUTS=4,WEIGHTS='{25,57,-62,11,0,0,0,0},BIAS=-62,V_TH=128) doesn't have a timescale but at least one module in design has a timescale.
WARNING: [XSIM 43-4099] "/media/nisitha/My_Passport/MOODLE/Vivado_projects/SNN_project/snn_iris_project/snn_iris_two_layered/snn_iris_two_layered.srcs/sources_1/new/neuron.sv" Line 1. Module neuron_1(NUM_INPUTS=4,WEIGHTS='{-21,-19,44,-24,0,0,0,0},BIAS=47,V_TH=128) doesn't have a timescale but at least one module in design has a timescale.
WARNING: [XSIM 43-4099] "/media/nisitha/My_Passport/MOODLE/Vivado_projects/SNN_project/snn_iris_project/snn_iris_two_layered/snn_iris_two_layered.srcs/sources_1/new/neuron.sv" Line 1. Module neuron_1(NUM_INPUTS=4,WEIGHTS='{55,-49,-54,21,0,0,0,0},BIAS=-53,V_TH=128) doesn't have a timescale but at least one module in design has a timescale.
WARNING: [XSIM 43-4099] "/media/nisitha/My_Passport/MOODLE/Vivado_projects/SNN_project/snn_iris_project/snn_iris_two_layered/snn_iris_two_layered.srcs/sources_1/new/neuron.sv" Line 1. Module neuron_1(WEIGHTS='{4,-22,43,8,-24,25,5,-26},BIAS=17,V_TH=128) doesn't have a timescale but at least one module in design has a timescale.
WARNING: [XSIM 43-4099] "/media/nisitha/My_Passport/MOODLE/Vivado_projects/SNN_project/snn_iris_project/snn_iris_two_layered/snn_iris_two_layered.srcs/sources_1/new/neuron.sv" Line 1. Module neuron_1(WEIGHTS='{-29,-35,-11,32,-15,9,33,26},BIAS=37,V_TH=128) doesn't have a timescale but at least one module in design has a timescale.
WARNING: [XSIM 43-4099] "/media/nisitha/My_Passport/MOODLE/Vivado_projects/SNN_project/snn_iris_project/snn_iris_two_layered/snn_iris_two_layered.srcs/sources_1/new/neuron.sv" Line 1. Module neuron_1(WEIGHTS='{-23,21,-13,34,-4,-37,-12,-41},BIAS=30,V_TH=128) doesn't have a timescale but at least one module in design has a timescale.
Completed simulation data flow analysis
Time Resolution for simulation is 1ps
Compiling module xil_defaultlib.control_iris(TIME_STEPS=25,PIPEL...
Compiling module xil_defaultlib.gen_input_single
Compiling module xil_defaultlib.neuron_1(NUM_INPUTS=4,WEIGHTS='{...
Compiling module xil_defaultlib.neuron_1(NUM_INPUTS=4,WEIGHTS='{...
Compiling module xil_defaultlib.neuron_1(NUM_INPUTS=4,WEIGHTS='{...
Compiling module xil_defaultlib.neuron_1(NUM_INPUTS=4,WEIGHTS='{...
Compiling module xil_defaultlib.neuron_1(NUM_INPUTS=4,WEIGHTS='{...
Compiling module xil_defaultlib.neuron_1(NUM_INPUTS=4,WEIGHTS='{...
Compiling module xil_defaultlib.neuron_1(NUM_INPUTS=4,WEIGHTS='{...
Compiling module xil_defaultlib.neuron_1(NUM_INPUTS=4,WEIGHTS='{...
Compiling module xil_defaultlib.layer1_4to8
Compiling module xil_defaultlib.neuron_1(WEIGHTS='{4,-22,43,8,-2...
Compiling module xil_defaultlib.neuron_1(WEIGHTS='{-29,-35,-11,3...
Compiling module xil_defaultlib.neuron_1(WEIGHTS='{-23,21,-13,34...
Compiling module xil_defaultlib.layer2_8to3
Compiling module xil_defaultlib.snn_iris_top_default
Compiling module xil_defaultlib.tb_snn_iris_top
Compiling module xil_defaultlib.glbl
Built simulation snapshot tb_snn_iris_top_behav
