Vivado Simulator v2023.2
Copyright 1986-2022 Xilinx, Inc. All Rights Reserved.
Copyright 2022-2023 Advanced Micro Devices, Inc. All Rights Reserved.
Running: /tools/Xilinx/Vivado/2023.2/bin/unwrapped/lnx64.o/xelab --incr --debug typical --relax --mt 8 -L xil_defaultlib -L uvm -L unisims_ver -L unimacro_ver -L secureip --snapshot tb_snn_iris_top_behav xil_defaultlib.tb_snn_iris_top xil_defaultlib.glbl -log elaborate.log 
Using 8 slave threads.
Starting static elaboration
Pass Through NonSizing Optimizer
WARNING: [VRFC 10-3705] select index 4 into 'spikes_i' is out of bounds [/media/nisitha/My_Passport/MOODLE/Vivado_projects/SNN_project/snn_iris_project/snn_iris_project/snn_iris_project.srcs/sources_1/new/neuron_1.sv:33]
WARNING: [VRFC 10-3705] select index 5 into 'spikes_i' is out of bounds [/media/nisitha/My_Passport/MOODLE/Vivado_projects/SNN_project/snn_iris_project/snn_iris_project/snn_iris_project.srcs/sources_1/new/neuron_1.sv:34]
WARNING: [VRFC 10-3705] select index 6 into 'spikes_i' is out of bounds [/media/nisitha/My_Passport/MOODLE/Vivado_projects/SNN_project/snn_iris_project/snn_iris_project/snn_iris_project.srcs/sources_1/new/neuron_1.sv:35]
WARNING: [VRFC 10-3705] select index 7 into 'spikes_i' is out of bounds [/media/nisitha/My_Passport/MOODLE/Vivado_projects/SNN_project/snn_iris_project/snn_iris_project/snn_iris_project.srcs/sources_1/new/neuron_1.sv:36]
Completed static elaboration
Starting simulation data flow analysis
WARNING: [XSIM 43-4099] "/media/nisitha/My_Passport/MOODLE/Vivado_projects/SNN_project/snn_iris_project/snn_iris_project/snn_iris_project.srcs/sources_1/new/snn_iris_top.sv" Line 1. Module snn_iris_top_default doesn't have a timescale but at least one module in design has a timescale.
WARNING: [XSIM 43-4099] "/media/nisitha/My_Passport/MOODLE/Vivado_projects/SNN_project/snn_iris_project/snn_iris_project/snn_iris_project.srcs/sources_1/new/control_iris.sv" Line 1. Module control_iris doesn't have a timescale but at least one module in design has a timescale.
WARNING: [XSIM 43-4099] "/media/nisitha/My_Passport/MOODLE/Vivado_projects/SNN_project/snn_iris_project/snn_iris_project/snn_iris_project.srcs/sources_1/new/gen_input_single.sv" Line 1. Module gen_input_single doesn't have a timescale but at least one module in design has a timescale.
WARNING: [XSIM 43-4099] "/media/nisitha/My_Passport/MOODLE/Vivado_projects/SNN_project/snn_iris_project/snn_iris_project/snn_iris_project.srcs/sources_1/new/gen_input_single.sv" Line 1. Module gen_input_single doesn't have a timescale but at least one module in design has a timescale.
WARNING: [XSIM 43-4099] "/media/nisitha/My_Passport/MOODLE/Vivado_projects/SNN_project/snn_iris_project/snn_iris_project/snn_iris_project.srcs/sources_1/new/gen_input_single.sv" Line 1. Module gen_input_single doesn't have a timescale but at least one module in design has a timescale.
WARNING: [XSIM 43-4099] "/media/nisitha/My_Passport/MOODLE/Vivado_projects/SNN_project/snn_iris_project/snn_iris_project/snn_iris_project.srcs/sources_1/new/gen_input_single.sv" Line 1. Module gen_input_single doesn't have a timescale but at least one module in design has a timescale.
WARNING: [XSIM 43-4099] "/media/nisitha/My_Passport/MOODLE/Vivado_projects/SNN_project/snn_iris_project/snn_iris_project/snn_iris_project.srcs/sources_1/new/neuron_1.sv" Line 1. Module neuron_1(NUM_INPUTS=4,WEIGHTS='{103,-4,-44,-63,0,0,0,0},BIAS=-191,V_TH=256) doesn't have a timescale but at least one module in design has a timescale.
WARNING: [XSIM 43-4099] "/media/nisitha/My_Passport/MOODLE/Vivado_projects/SNN_project/snn_iris_project/snn_iris_project/snn_iris_project.srcs/sources_1/new/neuron_1.sv" Line 1. Module neuron_1(NUM_INPUTS=4,WEIGHTS='{126,75,117,-8,0,0,0,0},BIAS=78,V_TH=256) doesn't have a timescale but at least one module in design has a timescale.
WARNING: [XSIM 43-4099] "/media/nisitha/My_Passport/MOODLE/Vivado_projects/SNN_project/snn_iris_project/snn_iris_project/snn_iris_project.srcs/sources_1/new/neuron_1.sv" Line 1. Module neuron_1(NUM_INPUTS=4,WEIGHTS='{-88,21,-47,-155,0,0,0,0},BIAS=-37,V_TH=256) doesn't have a timescale but at least one module in design has a timescale.
WARNING: [XSIM 43-4099] "/media/nisitha/My_Passport/MOODLE/Vivado_projects/SNN_project/snn_iris_project/snn_iris_project/snn_iris_project.srcs/sources_1/new/neuron_1.sv" Line 1. Module neuron_1(NUM_INPUTS=4,WEIGHTS='{97,-43,31,61,0,0,0,0},BIAS=58,V_TH=256) doesn't have a timescale but at least one module in design has a timescale.
WARNING: [XSIM 43-4099] "/media/nisitha/My_Passport/MOODLE/Vivado_projects/SNN_project/snn_iris_project/snn_iris_project/snn_iris_project.srcs/sources_1/new/neuron_1.sv" Line 1. Module neuron_1(NUM_INPUTS=4,WEIGHTS='{-57,-159,155,27,0,0,0,0},BIAS=11,V_TH=256) doesn't have a timescale but at least one module in design has a timescale.
WARNING: [XSIM 43-4099] "/media/nisitha/My_Passport/MOODLE/Vivado_projects/SNN_project/snn_iris_project/snn_iris_project/snn_iris_project.srcs/sources_1/new/neuron_1.sv" Line 1. Module neuron_1(NUM_INPUTS=4,WEIGHTS='{38,-53,-56,-138,0,0,0,0},BIAS=146,V_TH=256) doesn't have a timescale but at least one module in design has a timescale.
WARNING: [XSIM 43-4099] "/media/nisitha/My_Passport/MOODLE/Vivado_projects/SNN_project/snn_iris_project/snn_iris_project/snn_iris_project.srcs/sources_1/new/neuron_1.sv" Line 1. Module neuron_1(NUM_INPUTS=4,WEIGHTS='{27,57,-138,92,0,0,0,0},BIAS=166,V_TH=256) doesn't have a timescale but at least one module in design has a timescale.
WARNING: [XSIM 43-4099] "/media/nisitha/My_Passport/MOODLE/Vivado_projects/SNN_project/snn_iris_project/snn_iris_project/snn_iris_project.srcs/sources_1/new/neuron_1.sv" Line 1. Module neuron_1(NUM_INPUTS=4,WEIGHTS='{39,-1,22,148,0,0,0,0},BIAS=-96,V_TH=256) doesn't have a timescale but at least one module in design has a timescale.
WARNING: [XSIM 43-4099] "/media/nisitha/My_Passport/MOODLE/Vivado_projects/SNN_project/snn_iris_project/snn_iris_project/snn_iris_project.srcs/sources_1/new/neuron_1.sv" Line 1. Module neuron_1(WEIGHTS='{1,79,121,-22,-17,115,100,-181},BIAS=19,V_TH=256) doesn't have a timescale but at least one module in design has a timescale.
WARNING: [XSIM 43-4099] "/media/nisitha/My_Passport/MOODLE/Vivado_projects/SNN_project/snn_iris_project/snn_iris_project/snn_iris_project.srcs/sources_1/new/neuron_1.sv" Line 1. Module neuron_1(WEIGHTS='{-46,-48,71,-51,-118,43,14,2},BIAS=97,V_TH=256) doesn't have a timescale but at least one module in design has a timescale.
WARNING: [XSIM 43-4099] "/media/nisitha/My_Passport/MOODLE/Vivado_projects/SNN_project/snn_iris_project/snn_iris_project/snn_iris_project.srcs/sources_1/new/neuron_1.sv" Line 1. Module neuron_1(WEIGHTS='{5,18,113,-30,13,112,127,-164},BIAS=-1,V_TH=256) doesn't have a timescale but at least one module in design has a timescale.
WARNING: [XSIM 43-4099] "/media/nisitha/My_Passport/MOODLE/Vivado_projects/SNN_project/snn_iris_project/snn_iris_project/snn_iris_project.srcs/sources_1/new/neuron_1.sv" Line 1. Module neuron_1(WEIGHTS='{-78,9,89,-67,53,151,109,-55},BIAS=-15,V_TH=256) doesn't have a timescale but at least one module in design has a timescale.
WARNING: [XSIM 43-4099] "/media/nisitha/My_Passport/MOODLE/Vivado_projects/SNN_project/snn_iris_project/snn_iris_project/snn_iris_project.srcs/sources_1/new/neuron_1.sv" Line 1. Module neuron_1(WEIGHTS='{28,24,-98,-30,-87,48,92,-159},BIAS=100,V_TH=256) doesn't have a timescale but at least one module in design has a timescale.
WARNING: [XSIM 43-4099] "/media/nisitha/My_Passport/MOODLE/Vivado_projects/SNN_project/snn_iris_project/snn_iris_project/snn_iris_project.srcs/sources_1/new/neuron_1.sv" Line 1. Module neuron_1(WEIGHTS='{-65,85,-130,112,75,23,50,95},BIAS=68,V_TH=256) doesn't have a timescale but at least one module in design has a timescale.
WARNING: [XSIM 43-4099] "/media/nisitha/My_Passport/MOODLE/Vivado_projects/SNN_project/snn_iris_project/snn_iris_project/snn_iris_project.srcs/sources_1/new/neuron_1.sv" Line 1. Module neuron_1(NUM_INPUTS=6,WEIGHTS='{230,33,34,89,46,-34,0,0},BIAS=-30,V_TH=256) doesn't have a timescale but at least one module in design has a timescale.
WARNING: [XSIM 43-4099] "/media/nisitha/My_Passport/MOODLE/Vivado_projects/SNN_project/snn_iris_project/snn_iris_project/snn_iris_project.srcs/sources_1/new/neuron_1.sv" Line 1. Module neuron_1(NUM_INPUTS=6,WEIGHTS='{54,-10,-16,-18,73,-62,0,0},BIAS=-122,V_TH=256) doesn't have a timescale but at least one module in design has a timescale.
WARNING: [XSIM 43-4099] "/media/nisitha/My_Passport/MOODLE/Vivado_projects/SNN_project/snn_iris_project/snn_iris_project/snn_iris_project.srcs/sources_1/new/neuron_1.sv" Line 1. Module neuron_1(NUM_INPUTS=6,WEIGHTS='{120,79,166,149,102,-51,0,0},BIAS=57,V_TH=256) doesn't have a timescale but at least one module in design has a timescale.
WARNING: [XSIM 43-4099] "/media/nisitha/My_Passport/MOODLE/Vivado_projects/SNN_project/snn_iris_project/snn_iris_project/snn_iris_project.srcs/sources_1/new/neuron_1.sv" Line 1. Module neuron_1(NUM_INPUTS=6,WEIGHTS='{62,123,75,13,-10,-124,0,0},BIAS=43,V_TH=256) doesn't have a timescale but at least one module in design has a timescale.
WARNING: [XSIM 43-4099] "/media/nisitha/My_Passport/MOODLE/Vivado_projects/SNN_project/snn_iris_project/snn_iris_project/snn_iris_project.srcs/sources_1/new/neuron_1.sv" Line 1. Module neuron_1(NUM_INPUTS=4,WEIGHTS='{109,14,-27,48,0,0,0,0},BIAS=-25,V_TH=256) doesn't have a timescale but at least one module in design has a timescale.
WARNING: [XSIM 43-4099] "/media/nisitha/My_Passport/MOODLE/Vivado_projects/SNN_project/snn_iris_project/snn_iris_project/snn_iris_project.srcs/sources_1/new/neuron_1.sv" Line 1. Module neuron_1(NUM_INPUTS=4,WEIGHTS='{31,90,106,-92,0,0,0,0},BIAS=-12,V_TH=256) doesn't have a timescale but at least one module in design has a timescale.
WARNING: [XSIM 43-4099] "/media/nisitha/My_Passport/MOODLE/Vivado_projects/SNN_project/snn_iris_project/snn_iris_project/snn_iris_project.srcs/sources_1/new/neuron_1.sv" Line 1. Module neuron_1(NUM_INPUTS=4,WEIGHTS='{-156,-96,-30,-46,0,0,0,0},BIAS=63,V_TH=256) doesn't have a timescale but at least one module in design has a timescale.
WARNING: [XSIM 43-4099] "/media/nisitha/My_Passport/MOODLE/Vivado_projects/SNN_project/snn_iris_project/snn_iris_project/snn_iris_project.srcs/sources_1/new/snn_iris_top.sv" Line 1. Module snn_iris_top_default doesn't have a timescale but at least one module in design has a timescale.
WARNING: [XSIM 43-4099] "/media/nisitha/My_Passport/MOODLE/Vivado_projects/SNN_project/snn_iris_project/snn_iris_project/snn_iris_project.srcs/sources_1/new/control_iris.sv" Line 1. Module control_iris doesn't have a timescale but at least one module in design has a timescale.
WARNING: [XSIM 43-4099] "/media/nisitha/My_Passport/MOODLE/Vivado_projects/SNN_project/snn_iris_project/snn_iris_project/snn_iris_project.srcs/sources_1/new/gen_input_single.sv" Line 1. Module gen_input_single doesn't have a timescale but at least one module in design has a timescale.
WARNING: [XSIM 43-4099] "/media/nisitha/My_Passport/MOODLE/Vivado_projects/SNN_project/snn_iris_project/snn_iris_project/snn_iris_project.srcs/sources_1/new/gen_input_single.sv" Line 1. Module gen_input_single doesn't have a timescale but at least one module in design has a timescale.
WARNING: [XSIM 43-4099] "/media/nisitha/My_Passport/MOODLE/Vivado_projects/SNN_project/snn_iris_project/snn_iris_project/snn_iris_project.srcs/sources_1/new/gen_input_single.sv" Line 1. Module gen_input_single doesn't have a timescale but at least one module in design has a timescale.
WARNING: [XSIM 43-4099] "/media/nisitha/My_Passport/MOODLE/Vivado_projects/SNN_project/snn_iris_project/snn_iris_project/snn_iris_project.srcs/sources_1/new/gen_input_single.sv" Line 1. Module gen_input_single doesn't have a timescale but at least one module in design has a timescale.
WARNING: [XSIM 43-4099] "/media/nisitha/My_Passport/MOODLE/Vivado_projects/SNN_project/snn_iris_project/snn_iris_project/snn_iris_project.srcs/sources_1/new/neuron_1.sv" Line 1. Module neuron_1(NUM_INPUTS=4,WEIGHTS='{103,-4,-44,-63,0,0,0,0},BIAS=-191,V_TH=256) doesn't have a timescale but at least one module in design has a timescale.
WARNING: [XSIM 43-4099] "/media/nisitha/My_Passport/MOODLE/Vivado_projects/SNN_project/snn_iris_project/snn_iris_project/snn_iris_project.srcs/sources_1/new/neuron_1.sv" Line 1. Module neuron_1(NUM_INPUTS=4,WEIGHTS='{126,75,117,-8,0,0,0,0},BIAS=78,V_TH=256) doesn't have a timescale but at least one module in design has a timescale.
WARNING: [XSIM 43-4099] "/media/nisitha/My_Passport/MOODLE/Vivado_projects/SNN_project/snn_iris_project/snn_iris_project/snn_iris_project.srcs/sources_1/new/neuron_1.sv" Line 1. Module neuron_1(NUM_INPUTS=4,WEIGHTS='{-88,21,-47,-155,0,0,0,0},BIAS=-37,V_TH=256) doesn't have a timescale but at least one module in design has a timescale.
WARNING: [XSIM 43-4099] "/media/nisitha/My_Passport/MOODLE/Vivado_projects/SNN_project/snn_iris_project/snn_iris_project/snn_iris_project.srcs/sources_1/new/neuron_1.sv" Line 1. Module neuron_1(NUM_INPUTS=4,WEIGHTS='{97,-43,31,61,0,0,0,0},BIAS=58,V_TH=256) doesn't have a timescale but at least one module in design has a timescale.
WARNING: [XSIM 43-4099] "/media/nisitha/My_Passport/MOODLE/Vivado_projects/SNN_project/snn_iris_project/snn_iris_project/snn_iris_project.srcs/sources_1/new/neuron_1.sv" Line 1. Module neuron_1(NUM_INPUTS=4,WEIGHTS='{-57,-159,155,27,0,0,0,0},BIAS=11,V_TH=256) doesn't have a timescale but at least one module in design has a timescale.
WARNING: [XSIM 43-4099] "/media/nisitha/My_Passport/MOODLE/Vivado_projects/SNN_project/snn_iris_project/snn_iris_project/snn_iris_project.srcs/sources_1/new/neuron_1.sv" Line 1. Module neuron_1(NUM_INPUTS=4,WEIGHTS='{38,-53,-56,-138,0,0,0,0},BIAS=146,V_TH=256) doesn't have a timescale but at least one module in design has a timescale.
WARNING: [XSIM 43-4099] "/media/nisitha/My_Passport/MOODLE/Vivado_projects/SNN_project/snn_iris_project/snn_iris_project/snn_iris_project.srcs/sources_1/new/neuron_1.sv" Line 1. Module neuron_1(NUM_INPUTS=4,WEIGHTS='{27,57,-138,92,0,0,0,0},BIAS=166,V_TH=256) doesn't have a timescale but at least one module in design has a timescale.
WARNING: [XSIM 43-4099] "/media/nisitha/My_Passport/MOODLE/Vivado_projects/SNN_project/snn_iris_project/snn_iris_project/snn_iris_project.srcs/sources_1/new/neuron_1.sv" Line 1. Module neuron_1(NUM_INPUTS=4,WEIGHTS='{39,-1,22,148,0,0,0,0},BIAS=-96,V_TH=256) doesn't have a timescale but at least one module in design has a timescale.
WARNING: [XSIM 43-4099] "/media/nisitha/My_Passport/MOODLE/Vivado_projects/SNN_project/snn_iris_project/snn_iris_project/snn_iris_project.srcs/sources_1/new/neuron_1.sv" Line 1. Module neuron_1(WEIGHTS='{1,79,121,-22,-17,115,100,-181},BIAS=19,V_TH=256) doesn't have a timescale but at least one module in design has a timescale.
WARNING: [XSIM 43-4099] "/media/nisitha/My_Passport/MOODLE/Vivado_projects/SNN_project/snn_iris_project/snn_iris_project/snn_iris_project.srcs/sources_1/new/neuron_1.sv" Line 1. Module neuron_1(WEIGHTS='{-46,-48,71,-51,-118,43,14,2},BIAS=97,V_TH=256) doesn't have a timescale but at least one module in design has a timescale.
WARNING: [XSIM 43-4099] "/media/nisitha/My_Passport/MOODLE/Vivado_projects/SNN_project/snn_iris_project/snn_iris_project/snn_iris_project.srcs/sources_1/new/neuron_1.sv" Line 1. Module neuron_1(WEIGHTS='{5,18,113,-30,13,112,127,-164},BIAS=-1,V_TH=256) doesn't have a timescale but at least one module in design has a timescale.
WARNING: [XSIM 43-4099] "/media/nisitha/My_Passport/MOODLE/Vivado_projects/SNN_project/snn_iris_project/snn_iris_project/snn_iris_project.srcs/sources_1/new/neuron_1.sv" Line 1. Module neuron_1(WEIGHTS='{-78,9,89,-67,53,151,109,-55},BIAS=-15,V_TH=256) doesn't have a timescale but at least one module in design has a timescale.
WARNING: [XSIM 43-4099] "/media/nisitha/My_Passport/MOODLE/Vivado_projects/SNN_project/snn_iris_project/snn_iris_project/snn_iris_project.srcs/sources_1/new/neuron_1.sv" Line 1. Module neuron_1(WEIGHTS='{28,24,-98,-30,-87,48,92,-159},BIAS=100,V_TH=256) doesn't have a timescale but at least one module in design has a timescale.
WARNING: [XSIM 43-4099] "/media/nisitha/My_Passport/MOODLE/Vivado_projects/SNN_project/snn_iris_project/snn_iris_project/snn_iris_project.srcs/sources_1/new/neuron_1.sv" Line 1. Module neuron_1(WEIGHTS='{-65,85,-130,112,75,23,50,95},BIAS=68,V_TH=256) doesn't have a timescale but at least one module in design has a timescale.
WARNING: [XSIM 43-4099] "/media/nisitha/My_Passport/MOODLE/Vivado_projects/SNN_project/snn_iris_project/snn_iris_project/snn_iris_project.srcs/sources_1/new/neuron_1.sv" Line 1. Module neuron_1(NUM_INPUTS=6,WEIGHTS='{230,33,34,89,46,-34,0,0},BIAS=-30,V_TH=256) doesn't have a timescale but at least one module in design has a timescale.
WARNING: [XSIM 43-4099] "/media/nisitha/My_Passport/MOODLE/Vivado_projects/SNN_project/snn_iris_project/snn_iris_project/snn_iris_project.srcs/sources_1/new/neuron_1.sv" Line 1. Module neuron_1(NUM_INPUTS=6,WEIGHTS='{54,-10,-16,-18,73,-62,0,0},BIAS=-122,V_TH=256) doesn't have a timescale but at least one module in design has a timescale.
WARNING: [XSIM 43-4099] "/media/nisitha/My_Passport/MOODLE/Vivado_projects/SNN_project/snn_iris_project/snn_iris_project/snn_iris_project.srcs/sources_1/new/neuron_1.sv" Line 1. Module neuron_1(NUM_INPUTS=6,WEIGHTS='{120,79,166,149,102,-51,0,0},BIAS=57,V_TH=256) doesn't have a timescale but at least one module in design has a timescale.
WARNING: [XSIM 43-4099] "/media/nisitha/My_Passport/MOODLE/Vivado_projects/SNN_project/snn_iris_project/snn_iris_project/snn_iris_project.srcs/sources_1/new/neuron_1.sv" Line 1. Module neuron_1(NUM_INPUTS=6,WEIGHTS='{62,123,75,13,-10,-124,0,0},BIAS=43,V_TH=256) doesn't have a timescale but at least one module in design has a timescale.
WARNING: [XSIM 43-4099] "/media/nisitha/My_Passport/MOODLE/Vivado_projects/SNN_project/snn_iris_project/snn_iris_project/snn_iris_project.srcs/sources_1/new/neuron_1.sv" Line 1. Module neuron_1(NUM_INPUTS=4,WEIGHTS='{109,14,-27,48,0,0,0,0},BIAS=-25,V_TH=256) doesn't have a timescale but at least one module in design has a timescale.
WARNING: [XSIM 43-4099] "/media/nisitha/My_Passport/MOODLE/Vivado_projects/SNN_project/snn_iris_project/snn_iris_project/snn_iris_project.srcs/sources_1/new/neuron_1.sv" Line 1. Module neuron_1(NUM_INPUTS=4,WEIGHTS='{31,90,106,-92,0,0,0,0},BIAS=-12,V_TH=256) doesn't have a timescale but at least one module in design has a timescale.
WARNING: [XSIM 43-4099] "/media/nisitha/My_Passport/MOODLE/Vivado_projects/SNN_project/snn_iris_project/snn_iris_project/snn_iris_project.srcs/sources_1/new/neuron_1.sv" Line 1. Module neuron_1(NUM_INPUTS=4,WEIGHTS='{-156,-96,-30,-46,0,0,0,0},BIAS=63,V_TH=256) doesn't have a timescale but at least one module in design has a timescale.
Completed simulation data flow analysis
Time Resolution for simulation is 1ps
Compiling module xil_defaultlib.control_iris
Compiling module xil_defaultlib.gen_input_single
Compiling module xil_defaultlib.neuron_1(NUM_INPUTS=4,WEIGHTS='{...
Compiling module xil_defaultlib.neuron_1(NUM_INPUTS=4,WEIGHTS='{...
Compiling module xil_defaultlib.neuron_1(NUM_INPUTS=4,WEIGHTS='{...
Compiling module xil_defaultlib.neuron_1(NUM_INPUTS=4,WEIGHTS='{...
Compiling module xil_defaultlib.neuron_1(NUM_INPUTS=4,WEIGHTS='{...
Compiling module xil_defaultlib.neuron_1(NUM_INPUTS=4,WEIGHTS='{...
Compiling module xil_defaultlib.neuron_1(NUM_INPUTS=4,WEIGHTS='{...
Compiling module xil_defaultlib.neuron_1(NUM_INPUTS=4,WEIGHTS='{...
Compiling module xil_defaultlib.layer1_4to8
Compiling module xil_defaultlib.neuron_1(WEIGHTS='{1,79,121,-22,...
Compiling module xil_defaultlib.neuron_1(WEIGHTS='{-46,-48,71,-5...
Compiling module xil_defaultlib.neuron_1(WEIGHTS='{5,18,113,-30,...
Compiling module xil_defaultlib.neuron_1(WEIGHTS='{-78,9,89,-67,...
Compiling module xil_defaultlib.neuron_1(WEIGHTS='{28,24,-98,-30...
Compiling module xil_defaultlib.neuron_1(WEIGHTS='{-65,85,-130,1...
Compiling module xil_defaultlib.layer2_8to6
Compiling module xil_defaultlib.neuron_1(NUM_INPUTS=6,WEIGHTS='{...
Compiling module xil_defaultlib.neuron_1(NUM_INPUTS=6,WEIGHTS='{...
Compiling module xil_defaultlib.neuron_1(NUM_INPUTS=6,WEIGHTS='{...
Compiling module xil_defaultlib.neuron_1(NUM_INPUTS=6,WEIGHTS='{...
Compiling module xil_defaultlib.layer3_6to4
Compiling module xil_defaultlib.neuron_1(NUM_INPUTS=4,WEIGHTS='{...
Compiling module xil_defaultlib.neuron_1(NUM_INPUTS=4,WEIGHTS='{...
Compiling module xil_defaultlib.neuron_1(NUM_INPUTS=4,WEIGHTS='{...
Compiling module xil_defaultlib.layer4_4to3
Compiling module xil_defaultlib.snn_iris_top_default
Compiling module xil_defaultlib.tb_snn_iris_top
Compiling module xil_defaultlib.glbl
Built simulation snapshot tb_snn_iris_top_behav
